[2026-02-07T16:03:21.184+0000] {taskinstance.py:1956} INFO - Dependencies all met for dep_context=non-requeueable deps ti=<TaskInstance: paris_trees_pipeline.kafka_to_hdfs manual__2026-02-07T16:03:16.978592+00:00 [queued]>
[2026-02-07T16:03:21.194+0000] {taskinstance.py:1956} INFO - Dependencies all met for dep_context=requeueable deps ti=<TaskInstance: paris_trees_pipeline.kafka_to_hdfs manual__2026-02-07T16:03:16.978592+00:00 [queued]>
[2026-02-07T16:03:21.195+0000] {taskinstance.py:2170} INFO - Starting attempt 1 of 2
[2026-02-07T16:03:21.209+0000] {taskinstance.py:2191} INFO - Executing <Task(PythonOperator): kafka_to_hdfs> on 2026-02-07 16:03:16.978592+00:00
[2026-02-07T16:03:21.214+0000] {standard_task_runner.py:60} INFO - Started process 224 to run task
[2026-02-07T16:03:21.217+0000] {standard_task_runner.py:87} INFO - Running: ['***', 'tasks', 'run', 'paris_trees_pipeline', 'kafka_to_hdfs', 'manual__2026-02-07T16:03:16.978592+00:00', '--job-id', '7', '--raw', '--subdir', 'DAGS_FOLDER/trees_pipeline_dag.py', '--cfg-path', '/tmp/tmp5vcizlv9']
[2026-02-07T16:03:21.219+0000] {standard_task_runner.py:88} INFO - Job 7: Subtask kafka_to_hdfs
[2026-02-07T16:03:21.283+0000] {task_command.py:423} INFO - Running <TaskInstance: paris_trees_pipeline.kafka_to_hdfs manual__2026-02-07T16:03:16.978592+00:00 [running]> on host 27ac1112efa1
[2026-02-07T16:03:21.390+0000] {taskinstance.py:2480} INFO - Exporting env vars: AIRFLOW_CTX_DAG_OWNER='ghaith' AIRFLOW_CTX_DAG_ID='paris_trees_pipeline' AIRFLOW_CTX_TASK_ID='kafka_to_hdfs' AIRFLOW_CTX_EXECUTION_DATE='2026-02-07T16:03:16.978592+00:00' AIRFLOW_CTX_TRY_NUMBER='1' AIRFLOW_CTX_DAG_RUN_ID='manual__2026-02-07T16:03:16.978592+00:00'
[2026-02-07T16:03:46.527+0000] {logging_mixin.py:188} INFO - :: loading settings :: url = jar:file:/opt/spark/jars/ivy-2.5.1.jar!/org/apache/ivy/core/settings/ivysettings.xml
Ivy Default Cache set to: /root/.ivy2/cache
The jars for the packages stored in: /root/.ivy2/jars
org.apache.spark#spark-sql-kafka-0-10_2.12 added as a dependency
:: resolving dependencies :: org.apache.spark#spark-submit-parent-c5711a03-0f00-46a7-ad80-35f41e1d670c;1.0
	confs: [default]
	found org.apache.spark#spark-sql-kafka-0-10_2.12;3.4.1 in central
	found org.apache.spark#spark-token-provider-kafka-0-10_2.12;3.4.1 in central
	found org.apache.kafka#kafka-clients;3.3.2 in central
	found org.lz4#lz4-java;1.8.0 in central
	found org.xerial.snappy#snappy-java;1.1.10.1 in central
	found org.slf4j#slf4j-api;2.0.6 in central
	found org.apache.hadoop#hadoop-client-runtime;3.3.4 in central
	found org.apache.hadoop#hadoop-client-api;3.3.4 in central
	found commons-logging#commons-logging;1.1.3 in central
	found com.google.code.findbugs#jsr305;3.0.0 in central
	found org.apache.commons#commons-pool2;2.11.1 in central
:: resolution report :: resolve 531ms :: artifacts dl 20ms
	:: modules in use:
	com.google.code.findbugs#jsr305;3.0.0 from central in [default]
	commons-logging#commons-logging;1.1.3 from central in [default]
	org.apache.commons#commons-pool2;2.11.1 from central in [default]
	org.apache.hadoop#hadoop-client-api;3.3.4 from central in [default]
	org.apache.hadoop#hadoop-client-runtime;3.3.4 from central in [default]
	org.apache.kafka#kafka-clients;3.3.2 from central in [default]
	org.apache.spark#spark-sql-kafka-0-10_2.12;3.4.1 from central in [default]
	org.apache.spark#spark-token-provider-kafka-0-10_2.12;3.4.1 from central in [default]
	org.lz4#lz4-java;1.8.0 from central in [default]
	org.slf4j#slf4j-api;2.0.6 from central in [default]
	org.xerial.snappy#snappy-java;1.1.10.1 from central in [default]
	---------------------------------------------------------------------
	|                  |            modules            ||   artifacts   |
	|       conf       | number| search|dwnlded|evicted|| number|dwnlded|
	---------------------------------------------------------------------
	|      default     |   11  |   0   |   0   |   0   ||   11  |   0   |
	---------------------------------------------------------------------
:: retrieving :: org.apache.spark#spark-submit-parent-c5711a03-0f00-46a7-ad80-35f41e1d670c
	confs: [default]
	0 artifacts copied, 11 already retrieved (0kB/13ms)
26/02/07 16:03:24 WARN NativeCodeLoader: Unable to load native-hadoop library for your platform... using builtin-java classes where applicable
26/02/07 16:03:25 INFO SparkContext: Running Spark version 3.4.1
26/02/07 16:03:25 INFO ResourceUtils: ==============================================================
26/02/07 16:03:25 INFO ResourceUtils: No custom resources configured for spark.driver.
26/02/07 16:03:25 INFO ResourceUtils: ==============================================================
26/02/07 16:03:25 INFO SparkContext: Submitted application: KafkaToHDFS_Batch
26/02/07 16:03:25 INFO ResourceProfile: Default ResourceProfile created, executor resources: Map(memory -> name: memory, amount: 1024, script: , vendor: , offHeap -> name: offHeap, amount: 0, script: , vendor: ), task resources: Map(cpus -> name: cpus, amount: 1.0)
26/02/07 16:03:25 INFO ResourceProfile: Limiting resource is cpu
26/02/07 16:03:25 INFO ResourceProfileManager: Added ResourceProfile id: 0
26/02/07 16:03:25 INFO SecurityManager: Changing view acls to: root
26/02/07 16:03:25 INFO SecurityManager: Changing modify acls to: root
26/02/07 16:03:25 INFO SecurityManager: Changing view acls groups to: 
26/02/07 16:03:25 INFO SecurityManager: Changing modify acls groups to: 
26/02/07 16:03:25 INFO SecurityManager: SecurityManager: authentication disabled; ui acls disabled; users with view permissions: root; groups with view permissions: EMPTY; users with modify permissions: root; groups with modify permissions: EMPTY
26/02/07 16:03:25 INFO Utils: Successfully started service 'sparkDriver' on port 44657.
26/02/07 16:03:25 INFO SparkEnv: Registering MapOutputTracker
26/02/07 16:03:25 INFO SparkEnv: Registering BlockManagerMaster
26/02/07 16:03:25 INFO BlockManagerMasterEndpoint: Using org.apache.spark.storage.DefaultTopologyMapper for getting topology information
26/02/07 16:03:25 INFO BlockManagerMasterEndpoint: BlockManagerMasterEndpoint up
26/02/07 16:03:25 INFO SparkEnv: Registering BlockManagerMasterHeartbeat
26/02/07 16:03:25 INFO DiskBlockManager: Created local directory at /tmp/blockmgr-0664f069-d5a7-4bb7-912f-4e4203734a76
26/02/07 16:03:25 INFO MemoryStore: MemoryStore started with capacity 434.4 MiB
26/02/07 16:03:25 INFO SparkEnv: Registering OutputCommitCoordinator
26/02/07 16:03:26 INFO JettyUtils: Start Jetty 0.0.0.0:4040 for SparkUI
26/02/07 16:03:26 INFO Utils: Successfully started service 'SparkUI' on port 4040.
26/02/07 16:03:26 INFO SparkContext: Added JAR file:///root/.ivy2/jars/org.apache.spark_spark-sql-kafka-0-10_2.12-3.4.1.jar at spark://spark-master:44657/jars/org.apache.spark_spark-sql-kafka-0-10_2.12-3.4.1.jar with timestamp 1770480205230
26/02/07 16:03:26 INFO SparkContext: Added JAR file:///root/.ivy2/jars/org.apache.spark_spark-token-provider-kafka-0-10_2.12-3.4.1.jar at spark://spark-master:44657/jars/org.apache.spark_spark-token-provider-kafka-0-10_2.12-3.4.1.jar with timestamp 1770480205230
26/02/07 16:03:26 INFO SparkContext: Added JAR file:///root/.ivy2/jars/org.apache.kafka_kafka-clients-3.3.2.jar at spark://spark-master:44657/jars/org.apache.kafka_kafka-clients-3.3.2.jar with timestamp 1770480205230
26/02/07 16:03:26 INFO SparkContext: Added JAR file:///root/.ivy2/jars/com.google.code.findbugs_jsr305-3.0.0.jar at spark://spark-master:44657/jars/com.google.code.findbugs_jsr305-3.0.0.jar with timestamp 1770480205230
26/02/07 16:03:26 INFO SparkContext: Added JAR file:///root/.ivy2/jars/org.apache.commons_commons-pool2-2.11.1.jar at spark://spark-master:44657/jars/org.apache.commons_commons-pool2-2.11.1.jar with timestamp 1770480205230
26/02/07 16:03:26 INFO SparkContext: Added JAR file:///root/.ivy2/jars/org.apache.hadoop_hadoop-client-runtime-3.3.4.jar at spark://spark-master:44657/jars/org.apache.hadoop_hadoop-client-runtime-3.3.4.jar with timestamp 1770480205230
26/02/07 16:03:26 INFO SparkContext: Added JAR file:///root/.ivy2/jars/org.lz4_lz4-java-1.8.0.jar at spark://spark-master:44657/jars/org.lz4_lz4-java-1.8.0.jar with timestamp 1770480205230
26/02/07 16:03:26 INFO SparkContext: Added JAR file:///root/.ivy2/jars/org.xerial.snappy_snappy-java-1.1.10.1.jar at spark://spark-master:44657/jars/org.xerial.snappy_snappy-java-1.1.10.1.jar with timestamp 1770480205230
26/02/07 16:03:26 INFO SparkContext: Added JAR file:///root/.ivy2/jars/org.slf4j_slf4j-api-2.0.6.jar at spark://spark-master:44657/jars/org.slf4j_slf4j-api-2.0.6.jar with timestamp 1770480205230
26/02/07 16:03:26 INFO SparkContext: Added JAR file:///root/.ivy2/jars/org.apache.hadoop_hadoop-client-api-3.3.4.jar at spark://spark-master:44657/jars/org.apache.hadoop_hadoop-client-api-3.3.4.jar with timestamp 1770480205230
26/02/07 16:03:26 INFO SparkContext: Added JAR file:///root/.ivy2/jars/commons-logging_commons-logging-1.1.3.jar at spark://spark-master:44657/jars/commons-logging_commons-logging-1.1.3.jar with timestamp 1770480205230
26/02/07 16:03:26 INFO SparkContext: Added file file:///root/.ivy2/jars/org.apache.spark_spark-sql-kafka-0-10_2.12-3.4.1.jar at spark://spark-master:44657/files/org.apache.spark_spark-sql-kafka-0-10_2.12-3.4.1.jar with timestamp 1770480205230
26/02/07 16:03:26 INFO Utils: Copying /root/.ivy2/jars/org.apache.spark_spark-sql-kafka-0-10_2.12-3.4.1.jar to /tmp/spark-320489ad-8b7b-415c-a169-fb3027285c86/userFiles-f45a76da-95a8-4b29-82a2-6c8dd19c084c/org.apache.spark_spark-sql-kafka-0-10_2.12-3.4.1.jar
26/02/07 16:03:26 INFO SparkContext: Added file file:///root/.ivy2/jars/org.apache.spark_spark-token-provider-kafka-0-10_2.12-3.4.1.jar at spark://spark-master:44657/files/org.apache.spark_spark-token-provider-kafka-0-10_2.12-3.4.1.jar with timestamp 1770480205230
26/02/07 16:03:26 INFO Utils: Copying /root/.ivy2/jars/org.apache.spark_spark-token-provider-kafka-0-10_2.12-3.4.1.jar to /tmp/spark-320489ad-8b7b-415c-a169-fb3027285c86/userFiles-f45a76da-95a8-4b29-82a2-6c8dd19c084c/org.apache.spark_spark-token-provider-kafka-0-10_2.12-3.4.1.jar
26/02/07 16:03:26 INFO SparkContext: Added file file:///root/.ivy2/jars/org.apache.kafka_kafka-clients-3.3.2.jar at spark://spark-master:44657/files/org.apache.kafka_kafka-clients-3.3.2.jar with timestamp 1770480205230
26/02/07 16:03:26 INFO Utils: Copying /root/.ivy2/jars/org.apache.kafka_kafka-clients-3.3.2.jar to /tmp/spark-320489ad-8b7b-415c-a169-fb3027285c86/userFiles-f45a76da-95a8-4b29-82a2-6c8dd19c084c/org.apache.kafka_kafka-clients-3.3.2.jar
26/02/07 16:03:26 INFO SparkContext: Added file file:///root/.ivy2/jars/com.google.code.findbugs_jsr305-3.0.0.jar at spark://spark-master:44657/files/com.google.code.findbugs_jsr305-3.0.0.jar with timestamp 1770480205230
26/02/07 16:03:26 INFO Utils: Copying /root/.ivy2/jars/com.google.code.findbugs_jsr305-3.0.0.jar to /tmp/spark-320489ad-8b7b-415c-a169-fb3027285c86/userFiles-f45a76da-95a8-4b29-82a2-6c8dd19c084c/com.google.code.findbugs_jsr305-3.0.0.jar
26/02/07 16:03:26 INFO SparkContext: Added file file:///root/.ivy2/jars/org.apache.commons_commons-pool2-2.11.1.jar at spark://spark-master:44657/files/org.apache.commons_commons-pool2-2.11.1.jar with timestamp 1770480205230
26/02/07 16:03:26 INFO Utils: Copying /root/.ivy2/jars/org.apache.commons_commons-pool2-2.11.1.jar to /tmp/spark-320489ad-8b7b-415c-a169-fb3027285c86/userFiles-f45a76da-95a8-4b29-82a2-6c8dd19c084c/org.apache.commons_commons-pool2-2.11.1.jar
26/02/07 16:03:26 INFO SparkContext: Added file file:///root/.ivy2/jars/org.apache.hadoop_hadoop-client-runtime-3.3.4.jar at spark://spark-master:44657/files/org.apache.hadoop_hadoop-client-runtime-3.3.4.jar with timestamp 1770480205230
26/02/07 16:03:26 INFO Utils: Copying /root/.ivy2/jars/org.apache.hadoop_hadoop-client-runtime-3.3.4.jar to /tmp/spark-320489ad-8b7b-415c-a169-fb3027285c86/userFiles-f45a76da-95a8-4b29-82a2-6c8dd19c084c/org.apache.hadoop_hadoop-client-runtime-3.3.4.jar
26/02/07 16:03:26 INFO SparkContext: Added file file:///root/.ivy2/jars/org.lz4_lz4-java-1.8.0.jar at spark://spark-master:44657/files/org.lz4_lz4-java-1.8.0.jar with timestamp 1770480205230
26/02/07 16:03:26 INFO Utils: Copying /root/.ivy2/jars/org.lz4_lz4-java-1.8.0.jar to /tmp/spark-320489ad-8b7b-415c-a169-fb3027285c86/userFiles-f45a76da-95a8-4b29-82a2-6c8dd19c084c/org.lz4_lz4-java-1.8.0.jar
26/02/07 16:03:26 INFO SparkContext: Added file file:///root/.ivy2/jars/org.xerial.snappy_snappy-java-1.1.10.1.jar at spark://spark-master:44657/files/org.xerial.snappy_snappy-java-1.1.10.1.jar with timestamp 1770480205230
26/02/07 16:03:26 INFO Utils: Copying /root/.ivy2/jars/org.xerial.snappy_snappy-java-1.1.10.1.jar to /tmp/spark-320489ad-8b7b-415c-a169-fb3027285c86/userFiles-f45a76da-95a8-4b29-82a2-6c8dd19c084c/org.xerial.snappy_snappy-java-1.1.10.1.jar
26/02/07 16:03:26 INFO SparkContext: Added file file:///root/.ivy2/jars/org.slf4j_slf4j-api-2.0.6.jar at spark://spark-master:44657/files/org.slf4j_slf4j-api-2.0.6.jar with timestamp 1770480205230
26/02/07 16:03:26 INFO Utils: Copying /root/.ivy2/jars/org.slf4j_slf4j-api-2.0.6.jar to /tmp/spark-320489ad-8b7b-415c-a169-fb3027285c86/userFiles-f45a76da-95a8-4b29-82a2-6c8dd19c084c/org.slf4j_slf4j-api-2.0.6.jar
26/02/07 16:03:26 INFO SparkContext: Added file file:///root/.ivy2/jars/org.apache.hadoop_hadoop-client-api-3.3.4.jar at spark://spark-master:44657/files/org.apache.hadoop_hadoop-client-api-3.3.4.jar with timestamp 1770480205230
26/02/07 16:03:26 INFO Utils: Copying /root/.ivy2/jars/org.apache.hadoop_hadoop-client-api-3.3.4.jar to /tmp/spark-320489ad-8b7b-415c-a169-fb3027285c86/userFiles-f45a76da-95a8-4b29-82a2-6c8dd19c084c/org.apache.hadoop_hadoop-client-api-3.3.4.jar
26/02/07 16:03:26 INFO SparkContext: Added file file:///root/.ivy2/jars/commons-logging_commons-logging-1.1.3.jar at spark://spark-master:44657/files/commons-logging_commons-logging-1.1.3.jar with timestamp 1770480205230
26/02/07 16:03:26 INFO Utils: Copying /root/.ivy2/jars/commons-logging_commons-logging-1.1.3.jar to /tmp/spark-320489ad-8b7b-415c-a169-fb3027285c86/userFiles-f45a76da-95a8-4b29-82a2-6c8dd19c084c/commons-logging_commons-logging-1.1.3.jar
26/02/07 16:03:27 INFO StandaloneAppClient$ClientEndpoint: Connecting to master spark://spark-master:7077...
26/02/07 16:03:27 INFO TransportClientFactory: Successfully created connection to spark-master/172.18.0.5:7077 after 29 ms (0 ms spent in bootstraps)
26/02/07 16:03:27 INFO StandaloneSchedulerBackend: Connected to Spark cluster with app ID app-20260207160327-0000
26/02/07 16:03:27 INFO Utils: Successfully started service 'org.apache.spark.network.netty.NettyBlockTransferService' on port 34527.
26/02/07 16:03:27 INFO NettyBlockTransferService: Server created on spark-master:34527
26/02/07 16:03:27 INFO BlockManager: Using org.apache.spark.storage.RandomBlockReplicationPolicy for block replication policy
26/02/07 16:03:27 INFO BlockManagerMaster: Registering BlockManager BlockManagerId(driver, spark-master, 34527, None)
26/02/07 16:03:27 INFO BlockManagerMasterEndpoint: Registering block manager spark-master:34527 with 434.4 MiB RAM, BlockManagerId(driver, spark-master, 34527, None)
26/02/07 16:03:27 INFO BlockManagerMaster: Registered BlockManager BlockManagerId(driver, spark-master, 34527, None)
26/02/07 16:03:27 INFO BlockManager: Initialized BlockManager: BlockManagerId(driver, spark-master, 34527, None)
26/02/07 16:03:27 INFO StandaloneAppClient$ClientEndpoint: Executor added: app-20260207160327-0000/0 on worker-20260207155849-172.18.0.9-38115 (172.18.0.9:38115) with 2 core(s)
26/02/07 16:03:27 INFO StandaloneSchedulerBackend: Granted executor ID app-20260207160327-0000/0 on hostPort 172.18.0.9:38115 with 2 core(s), 1024.0 MiB RAM
26/02/07 16:03:27 INFO StandaloneAppClient$ClientEndpoint: Executor updated: app-20260207160327-0000/0 is now RUNNING
26/02/07 16:03:27 INFO StandaloneSchedulerBackend: SchedulerBackend is ready for scheduling beginning after reached minRegisteredResourcesRatio: 0.0
26/02/07 16:03:34 WARN AdminClientConfig: These configurations '[key.deserializer, value.deserializer, enable.auto.commit, max.poll.records, auto.offset.reset]' were supplied but are not used yet.
26/02/07 16:03:41 WARN AdminClientConfig: These configurations '[key.deserializer, value.deserializer, enable.auto.commit, max.poll.records, auto.offset.reset]' were supplied but are not used yet.
26/02/07 16:03:45 WARN AdminClientConfig: These configurations '[key.deserializer, value.deserializer, enable.auto.commit, max.poll.records, auto.offset.reset]' were supplied but are not used yet.
Batch written to HDFS (20 records)
[2026-02-07T16:03:46.528+0000] {python.py:201} INFO - Done. Returned value was: None
[2026-02-07T16:03:46.548+0000] {taskinstance.py:1138} INFO - Marking task as SUCCESS. dag_id=paris_trees_pipeline, task_id=kafka_to_hdfs, execution_date=20260207T160316, start_date=20260207T160321, end_date=20260207T160346
[2026-02-07T16:03:46.587+0000] {local_task_job_runner.py:234} INFO - Task exited with return code 0
[2026-02-07T16:03:46.609+0000] {taskinstance.py:3280} INFO - 1 downstream tasks scheduled from follow-on schedule check
