[2026-02-07T18:13:16.690+0000] {taskinstance.py:1956} INFO - Dependencies all met for dep_context=non-requeueable deps ti=<TaskInstance: paris_trees_pipeline.hdfs_to_postgres manual__2026-02-07T18:12:43.330875+00:00 [queued]>
[2026-02-07T18:13:16.710+0000] {taskinstance.py:1956} INFO - Dependencies all met for dep_context=requeueable deps ti=<TaskInstance: paris_trees_pipeline.hdfs_to_postgres manual__2026-02-07T18:12:43.330875+00:00 [queued]>
[2026-02-07T18:13:16.711+0000] {taskinstance.py:2170} INFO - Starting attempt 1 of 2
[2026-02-07T18:13:16.741+0000] {taskinstance.py:2191} INFO - Executing <Task(PythonOperator): hdfs_to_postgres> on 2026-02-07 18:12:43.330875+00:00
[2026-02-07T18:13:16.750+0000] {standard_task_runner.py:60} INFO - Started process 440 to run task
[2026-02-07T18:13:16.754+0000] {standard_task_runner.py:87} INFO - Running: ['***', 'tasks', 'run', 'paris_trees_pipeline', 'hdfs_to_postgres', 'manual__2026-02-07T18:12:43.330875+00:00', '--job-id', '13', '--raw', '--subdir', 'DAGS_FOLDER/trees_pipeline_dag.py', '--cfg-path', '/tmp/tmp5bhv2gi2']
[2026-02-07T18:13:16.757+0000] {standard_task_runner.py:88} INFO - Job 13: Subtask hdfs_to_postgres
[2026-02-07T18:13:16.831+0000] {task_command.py:423} INFO - Running <TaskInstance: paris_trees_pipeline.hdfs_to_postgres manual__2026-02-07T18:12:43.330875+00:00 [running]> on host 775bbe24b5e5
[2026-02-07T18:13:16.942+0000] {taskinstance.py:2480} INFO - Exporting env vars: AIRFLOW_CTX_DAG_OWNER='ghaith' AIRFLOW_CTX_DAG_ID='paris_trees_pipeline' AIRFLOW_CTX_TASK_ID='hdfs_to_postgres' AIRFLOW_CTX_EXECUTION_DATE='2026-02-07T18:12:43.330875+00:00' AIRFLOW_CTX_TRY_NUMBER='1' AIRFLOW_CTX_DAG_RUN_ID='manual__2026-02-07T18:12:43.330875+00:00'
[2026-02-07T18:13:49.691+0000] {logging_mixin.py:188} INFO - :: loading settings :: url = jar:file:/opt/spark/jars/ivy-2.5.1.jar!/org/apache/ivy/core/settings/ivysettings.xml
Ivy Default Cache set to: /root/.ivy2/cache
The jars for the packages stored in: /root/.ivy2/jars
org.postgresql#postgresql added as a dependency
:: resolving dependencies :: org.apache.spark#spark-submit-parent-6ecd1773-318a-4abc-9a0a-07d6dac86c3c;1.0
	confs: [default]
	found org.postgresql#postgresql;42.2.18 in central
	found org.checkerframework#checker-qual;3.5.0 in central
:: resolution report :: resolve 190ms :: artifacts dl 10ms
	:: modules in use:
	org.checkerframework#checker-qual;3.5.0 from central in [default]
	org.postgresql#postgresql;42.2.18 from central in [default]
	---------------------------------------------------------------------
	|                  |            modules            ||   artifacts   |
	|       conf       | number| search|dwnlded|evicted|| number|dwnlded|
	---------------------------------------------------------------------
	|      default     |   2   |   0   |   0   |   0   ||   2   |   0   |
	---------------------------------------------------------------------
:: retrieving :: org.apache.spark#spark-submit-parent-6ecd1773-318a-4abc-9a0a-07d6dac86c3c
	confs: [default]
	0 artifacts copied, 2 already retrieved (0kB/9ms)
26/02/07 18:13:20 WARN NativeCodeLoader: Unable to load native-hadoop library for your platform... using builtin-java classes where applicable
26/02/07 18:13:21 INFO SparkContext: Running Spark version 3.4.1
26/02/07 18:13:21 INFO ResourceUtils: ==============================================================
26/02/07 18:13:21 INFO ResourceUtils: No custom resources configured for spark.driver.
26/02/07 18:13:21 INFO ResourceUtils: ==============================================================
26/02/07 18:13:21 INFO SparkContext: Submitted application: HDFS_to_Postgres_Batch
26/02/07 18:13:21 INFO ResourceProfile: Default ResourceProfile created, executor resources: Map(memory -> name: memory, amount: 1024, script: , vendor: , offHeap -> name: offHeap, amount: 0, script: , vendor: ), task resources: Map(cpus -> name: cpus, amount: 1.0)
26/02/07 18:13:21 INFO ResourceProfile: Limiting resource is cpu
26/02/07 18:13:21 INFO ResourceProfileManager: Added ResourceProfile id: 0
26/02/07 18:13:22 INFO SecurityManager: Changing view acls to: root
26/02/07 18:13:22 INFO SecurityManager: Changing modify acls to: root
26/02/07 18:13:22 INFO SecurityManager: Changing view acls groups to: 
26/02/07 18:13:22 INFO SecurityManager: Changing modify acls groups to: 
26/02/07 18:13:22 INFO SecurityManager: SecurityManager: authentication disabled; ui acls disabled; users with view permissions: root; groups with view permissions: EMPTY; users with modify permissions: root; groups with modify permissions: EMPTY
26/02/07 18:13:22 INFO Utils: Successfully started service 'sparkDriver' on port 42419.
26/02/07 18:13:22 INFO SparkEnv: Registering MapOutputTracker
26/02/07 18:13:22 INFO SparkEnv: Registering BlockManagerMaster
26/02/07 18:13:22 INFO BlockManagerMasterEndpoint: Using org.apache.spark.storage.DefaultTopologyMapper for getting topology information
26/02/07 18:13:22 INFO BlockManagerMasterEndpoint: BlockManagerMasterEndpoint up
26/02/07 18:13:22 INFO SparkEnv: Registering BlockManagerMasterHeartbeat
26/02/07 18:13:22 INFO DiskBlockManager: Created local directory at /tmp/blockmgr-b6c84f52-29e0-42fa-b475-38c58edafa7e
26/02/07 18:13:22 INFO MemoryStore: MemoryStore started with capacity 434.4 MiB
26/02/07 18:13:22 INFO SparkEnv: Registering OutputCommitCoordinator
26/02/07 18:13:23 INFO JettyUtils: Start Jetty 0.0.0.0:4040 for SparkUI
26/02/07 18:13:23 INFO Utils: Successfully started service 'SparkUI' on port 4040.
26/02/07 18:13:23 INFO SparkContext: Added JAR file:///root/.ivy2/jars/org.postgresql_postgresql-42.2.18.jar at spark://spark-master:42419/jars/org.postgresql_postgresql-42.2.18.jar with timestamp 1770488001675
26/02/07 18:13:23 INFO SparkContext: Added JAR file:///root/.ivy2/jars/org.checkerframework_checker-qual-3.5.0.jar at spark://spark-master:42419/jars/org.checkerframework_checker-qual-3.5.0.jar with timestamp 1770488001675
26/02/07 18:13:23 INFO SparkContext: Added file file:///root/.ivy2/jars/org.postgresql_postgresql-42.2.18.jar at spark://spark-master:42419/files/org.postgresql_postgresql-42.2.18.jar with timestamp 1770488001675
26/02/07 18:13:23 INFO Utils: Copying /root/.ivy2/jars/org.postgresql_postgresql-42.2.18.jar to /tmp/spark-f27c3fd6-eb53-4605-bbf6-9440b283dce1/userFiles-2ebf33bc-ad3c-4d90-a2aa-77b82fdc41f0/org.postgresql_postgresql-42.2.18.jar
26/02/07 18:13:23 INFO SparkContext: Added file file:///root/.ivy2/jars/org.checkerframework_checker-qual-3.5.0.jar at spark://spark-master:42419/files/org.checkerframework_checker-qual-3.5.0.jar with timestamp 1770488001675
26/02/07 18:13:23 INFO Utils: Copying /root/.ivy2/jars/org.checkerframework_checker-qual-3.5.0.jar to /tmp/spark-f27c3fd6-eb53-4605-bbf6-9440b283dce1/userFiles-2ebf33bc-ad3c-4d90-a2aa-77b82fdc41f0/org.checkerframework_checker-qual-3.5.0.jar
26/02/07 18:13:23 INFO StandaloneAppClient$ClientEndpoint: Connecting to master spark://spark-master:7077...
26/02/07 18:13:23 INFO TransportClientFactory: Successfully created connection to spark-master/172.18.0.6:7077 after 55 ms (0 ms spent in bootstraps)
26/02/07 18:13:24 INFO StandaloneSchedulerBackend: Connected to Spark cluster with app ID app-20260207181323-0007
26/02/07 18:13:24 INFO StandaloneAppClient$ClientEndpoint: Executor added: app-20260207181323-0007/0 on worker-20260207174853-172.18.0.11-38929 (172.18.0.11:38929) with 2 core(s)
26/02/07 18:13:24 INFO StandaloneSchedulerBackend: Granted executor ID app-20260207181323-0007/0 on hostPort 172.18.0.11:38929 with 2 core(s), 1024.0 MiB RAM
26/02/07 18:13:24 INFO Utils: Successfully started service 'org.apache.spark.network.netty.NettyBlockTransferService' on port 33373.
26/02/07 18:13:24 INFO NettyBlockTransferService: Server created on spark-master:33373
26/02/07 18:13:24 INFO BlockManager: Using org.apache.spark.storage.RandomBlockReplicationPolicy for block replication policy
26/02/07 18:13:24 INFO BlockManagerMaster: Registering BlockManager BlockManagerId(driver, spark-master, 33373, None)
26/02/07 18:13:24 INFO BlockManagerMasterEndpoint: Registering block manager spark-master:33373 with 434.4 MiB RAM, BlockManagerId(driver, spark-master, 33373, None)
26/02/07 18:13:24 INFO BlockManagerMaster: Registered BlockManager BlockManagerId(driver, spark-master, 33373, None)
26/02/07 18:13:24 INFO BlockManager: Initialized BlockManager: BlockManagerId(driver, spark-master, 33373, None)
26/02/07 18:13:24 INFO StandaloneAppClient$ClientEndpoint: Executor updated: app-20260207181323-0007/0 is now RUNNING
26/02/07 18:13:24 INFO StandaloneSchedulerBackend: SchedulerBackend is ready for scheduling beginning after reached minRegisteredResourcesRatio: 0.0
✅ Spark Session created

✅ Written 10 records to trees_by_arrondissement
✅ Written 12 records to trees_by_species
✅ Written 12 records to trees_height_stats
✅ Written 10 records to trees_remarkable_stats
✅ Written 200 records to trees_geo_data
✅ All data written to Postgres. Job finished.
[2026-02-07T18:13:49.692+0000] {python.py:201} INFO - Done. Returned value was: None
[2026-02-07T18:13:49.708+0000] {taskinstance.py:1138} INFO - Marking task as SUCCESS. dag_id=paris_trees_pipeline, task_id=hdfs_to_postgres, execution_date=20260207T181243, start_date=20260207T181316, end_date=20260207T181349
[2026-02-07T18:13:49.743+0000] {local_task_job_runner.py:234} INFO - Task exited with return code 0
[2026-02-07T18:13:49.778+0000] {taskinstance.py:3280} INFO - 0 downstream tasks scheduled from follow-on schedule check
