[2026-02-07T15:02:59.077+0000] {manager.py:469} INFO - Processing files using up to 2 processes at a time 
[2026-02-07T15:02:59.080+0000] {manager.py:470} INFO - Process each file at most once every 30 seconds
[2026-02-07T15:02:59.081+0000] {manager.py:471} INFO - Checking for new files in /opt/airflow/dags every 300 seconds
[2026-02-07T15:02:59.083+0000] {manager.py:738} INFO - Searching for files in /opt/airflow/dags
[2026-02-07T15:02:59.173+0000] {manager.py:741} INFO - There are 1 files in /opt/airflow/dags
[2026-02-07T15:02:59.322+0000] {manager.py:879} INFO - 
================================================================================
DAG File Processing Stats

File Path                                  PID  Runtime      # DAGs    # Errors  Last Runtime    Last Run
---------------------------------------  -----  ---------  --------  ----------  --------------  ----------
/opt/airflow/dags/trees_pipeline_dag.py    177  0.05s             0           0
================================================================================
[2026-02-07T15:03:29.505+0000] {manager.py:879} INFO - 
================================================================================
DAG File Processing Stats

File Path                                PID    Runtime      # DAGs    # Errors  Last Runtime    Last Run
---------------------------------------  -----  ---------  --------  ----------  --------------  -------------------
/opt/airflow/dags/trees_pipeline_dag.py                           1           0  2.14s           2026-02-07T15:03:01
================================================================================
[2026-02-07T15:03:59.752+0000] {manager.py:879} INFO - 
================================================================================
DAG File Processing Stats

File Path                                PID    Runtime      # DAGs    # Errors  Last Runtime    Last Run
---------------------------------------  -----  ---------  --------  ----------  --------------  -------------------
/opt/airflow/dags/trees_pipeline_dag.py                           1           0  1.35s           2026-02-07T15:03:32
================================================================================
[2026-02-07T15:04:30.115+0000] {manager.py:879} INFO - 
================================================================================
DAG File Processing Stats

File Path                                PID    Runtime      # DAGs    # Errors  Last Runtime    Last Run
---------------------------------------  -----  ---------  --------  ----------  --------------  -------------------
/opt/airflow/dags/trees_pipeline_dag.py                           1           0  8.12s           2026-02-07T15:04:11
================================================================================
[2026-02-07T15:05:00.314+0000] {manager.py:879} INFO - 
================================================================================
DAG File Processing Stats

File Path                                PID    Runtime      # DAGs    # Errors  Last Runtime    Last Run
---------------------------------------  -----  ---------  --------  ----------  --------------  -------------------
/opt/airflow/dags/trees_pipeline_dag.py                           1           0  1.33s           2026-02-07T15:04:43
================================================================================
[2026-02-07T15:05:30.428+0000] {manager.py:879} INFO - 
================================================================================
DAG File Processing Stats

File Path                                PID    Runtime      # DAGs    # Errors  Last Runtime    Last Run
---------------------------------------  -----  ---------  --------  ----------  --------------  -------------------
/opt/airflow/dags/trees_pipeline_dag.py                           1           0  0.60s           2026-02-07T15:05:14
================================================================================
[2026-02-07T15:06:00.640+0000] {manager.py:879} INFO - 
================================================================================
DAG File Processing Stats

File Path                                PID    Runtime      # DAGs    # Errors  Last Runtime    Last Run
---------------------------------------  -----  ---------  --------  ----------  --------------  -------------------
/opt/airflow/dags/trees_pipeline_dag.py                           1           0  0.25s           2026-02-07T15:05:44
================================================================================
[2026-02-07T15:06:31.057+0000] {manager.py:879} INFO - 
================================================================================
DAG File Processing Stats

File Path                                PID    Runtime      # DAGs    # Errors  Last Runtime    Last Run
---------------------------------------  -----  ---------  --------  ----------  --------------  -------------------
/opt/airflow/dags/trees_pipeline_dag.py                           1           0  0.17s           2026-02-07T15:06:15
================================================================================
[2026-02-07T15:07:01.389+0000] {manager.py:879} INFO - 
================================================================================
DAG File Processing Stats

File Path                                PID    Runtime      # DAGs    # Errors  Last Runtime    Last Run
---------------------------------------  -----  ---------  --------  ----------  --------------  -------------------
/opt/airflow/dags/trees_pipeline_dag.py                           1           0  0.17s           2026-02-07T15:06:45
================================================================================
[2026-02-07T15:07:31.576+0000] {manager.py:879} INFO - 
================================================================================
DAG File Processing Stats

File Path                                PID    Runtime      # DAGs    # Errors  Last Runtime    Last Run
---------------------------------------  -----  ---------  --------  ----------  --------------  -------------------
/opt/airflow/dags/trees_pipeline_dag.py                           1           0  0.18s           2026-02-07T15:07:15
================================================================================
[2026-02-07T15:07:59.918+0000] {manager.py:738} INFO - Searching for files in /opt/airflow/dags
[2026-02-07T15:07:59.930+0000] {manager.py:741} INFO - There are 1 files in /opt/airflow/dags
[2026-02-07T15:08:01.952+0000] {manager.py:879} INFO - 
================================================================================
DAG File Processing Stats

File Path                                PID    Runtime      # DAGs    # Errors  Last Runtime    Last Run
---------------------------------------  -----  ---------  --------  ----------  --------------  -------------------
/opt/airflow/dags/trees_pipeline_dag.py                           1           0  0.19s           2026-02-07T15:07:45
================================================================================
[2026-02-07T15:08:32.150+0000] {manager.py:879} INFO - 
================================================================================
DAG File Processing Stats

File Path                                PID    Runtime      # DAGs    # Errors  Last Runtime    Last Run
---------------------------------------  -----  ---------  --------  ----------  --------------  -------------------
/opt/airflow/dags/trees_pipeline_dag.py                           1           0  0.19s           2026-02-07T15:08:16
================================================================================
[2026-02-07T15:09:02.540+0000] {manager.py:879} INFO - 
================================================================================
DAG File Processing Stats

File Path                                PID    Runtime      # DAGs    # Errors  Last Runtime    Last Run
---------------------------------------  -----  ---------  --------  ----------  --------------  -------------------
/opt/airflow/dags/trees_pipeline_dag.py                           1           0  0.18s           2026-02-07T15:08:46
================================================================================
[2026-02-07T15:09:32.781+0000] {manager.py:879} INFO - 
================================================================================
DAG File Processing Stats

File Path                                PID    Runtime      # DAGs    # Errors  Last Runtime    Last Run
---------------------------------------  -----  ---------  --------  ----------  --------------  -------------------
/opt/airflow/dags/trees_pipeline_dag.py                           1           0  0.20s           2026-02-07T15:09:16
================================================================================
[2026-02-07T15:10:03.140+0000] {manager.py:879} INFO - 
================================================================================
DAG File Processing Stats

File Path                                PID    Runtime      # DAGs    # Errors  Last Runtime    Last Run
---------------------------------------  -----  ---------  --------  ----------  --------------  -------------------
/opt/airflow/dags/trees_pipeline_dag.py                           1           0  0.17s           2026-02-07T15:09:47
================================================================================
[2026-02-07T15:10:33.343+0000] {manager.py:879} INFO - 
================================================================================
DAG File Processing Stats

File Path                                PID    Runtime      # DAGs    # Errors  Last Runtime    Last Run
---------------------------------------  -----  ---------  --------  ----------  --------------  -------------------
/opt/airflow/dags/trees_pipeline_dag.py                           1           0  0.18s           2026-02-07T15:10:17
================================================================================
[2026-02-07T15:11:03.690+0000] {manager.py:879} INFO - 
================================================================================
DAG File Processing Stats

File Path                                PID    Runtime      # DAGs    # Errors  Last Runtime    Last Run
---------------------------------------  -----  ---------  --------  ----------  --------------  -------------------
/opt/airflow/dags/trees_pipeline_dag.py                           1           0  0.18s           2026-02-07T15:10:47
================================================================================
[2026-02-07T15:11:33.922+0000] {manager.py:879} INFO - 
================================================================================
DAG File Processing Stats

File Path                                PID    Runtime      # DAGs    # Errors  Last Runtime    Last Run
---------------------------------------  -----  ---------  --------  ----------  --------------  -------------------
/opt/airflow/dags/trees_pipeline_dag.py                           1           0  0.19s           2026-02-07T15:11:17
================================================================================
[2026-02-07T15:12:04.269+0000] {manager.py:879} INFO - 
================================================================================
DAG File Processing Stats

File Path                                PID    Runtime      # DAGs    # Errors  Last Runtime    Last Run
---------------------------------------  -----  ---------  --------  ----------  --------------  -------------------
/opt/airflow/dags/trees_pipeline_dag.py                           1           0  0.17s           2026-02-07T15:11:48
================================================================================
[2026-02-07T15:12:34.470+0000] {manager.py:879} INFO - 
================================================================================
DAG File Processing Stats

File Path                                PID    Runtime      # DAGs    # Errors  Last Runtime    Last Run
---------------------------------------  -----  ---------  --------  ----------  --------------  -------------------
/opt/airflow/dags/trees_pipeline_dag.py                           1           0  0.16s           2026-02-07T15:12:18
================================================================================
[2026-02-07T15:13:00.786+0000] {manager.py:738} INFO - Searching for files in /opt/airflow/dags
[2026-02-07T15:13:00.800+0000] {manager.py:741} INFO - There are 1 files in /opt/airflow/dags
[2026-02-07T15:13:04.838+0000] {manager.py:879} INFO - 
================================================================================
DAG File Processing Stats

File Path                                PID    Runtime      # DAGs    # Errors  Last Runtime    Last Run
---------------------------------------  -----  ---------  --------  ----------  --------------  -------------------
/opt/airflow/dags/trees_pipeline_dag.py                           1           0  0.17s           2026-02-07T15:12:48
================================================================================
[2026-02-07T15:13:35.061+0000] {manager.py:879} INFO - 
================================================================================
DAG File Processing Stats

File Path                                PID    Runtime      # DAGs    # Errors  Last Runtime    Last Run
---------------------------------------  -----  ---------  --------  ----------  --------------  -------------------
/opt/airflow/dags/trees_pipeline_dag.py                           1           0  0.18s           2026-02-07T15:13:19
================================================================================
[2026-02-07T15:14:05.400+0000] {manager.py:879} INFO - 
================================================================================
DAG File Processing Stats

File Path                                PID    Runtime      # DAGs    # Errors  Last Runtime    Last Run
---------------------------------------  -----  ---------  --------  ----------  --------------  -------------------
/opt/airflow/dags/trees_pipeline_dag.py                           1           0  0.17s           2026-02-07T15:13:49
================================================================================
[2026-02-07T15:14:35.614+0000] {manager.py:879} INFO - 
================================================================================
DAG File Processing Stats

File Path                                PID    Runtime      # DAGs    # Errors  Last Runtime    Last Run
---------------------------------------  -----  ---------  --------  ----------  --------------  -------------------
/opt/airflow/dags/trees_pipeline_dag.py                           1           0  0.15s           2026-02-07T15:14:19
================================================================================
[2026-02-07T15:15:05.918+0000] {manager.py:879} INFO - 
================================================================================
DAG File Processing Stats

File Path                                PID    Runtime      # DAGs    # Errors  Last Runtime    Last Run
---------------------------------------  -----  ---------  --------  ----------  --------------  -------------------
/opt/airflow/dags/trees_pipeline_dag.py                           1           0  0.18s           2026-02-07T15:14:49
================================================================================
[2026-02-07T15:15:36.174+0000] {manager.py:879} INFO - 
================================================================================
DAG File Processing Stats

File Path                                PID    Runtime      # DAGs    # Errors  Last Runtime    Last Run
---------------------------------------  -----  ---------  --------  ----------  --------------  -------------------
/opt/airflow/dags/trees_pipeline_dag.py                           1           0  0.16s           2026-02-07T15:15:20
================================================================================
[2026-02-07T15:16:06.481+0000] {manager.py:879} INFO - 
================================================================================
DAG File Processing Stats

File Path                                PID    Runtime      # DAGs    # Errors  Last Runtime    Last Run
---------------------------------------  -----  ---------  --------  ----------  --------------  -------------------
/opt/airflow/dags/trees_pipeline_dag.py                           1           0  0.15s           2026-02-07T15:15:50
================================================================================
[2026-02-07T15:16:36.698+0000] {manager.py:879} INFO - 
================================================================================
DAG File Processing Stats

File Path                                PID    Runtime      # DAGs    # Errors  Last Runtime    Last Run
---------------------------------------  -----  ---------  --------  ----------  --------------  -------------------
/opt/airflow/dags/trees_pipeline_dag.py                           1           0  0.15s           2026-02-07T15:16:20
================================================================================
[2026-02-07T15:17:06.998+0000] {manager.py:879} INFO - 
================================================================================
DAG File Processing Stats

File Path                                PID    Runtime      # DAGs    # Errors  Last Runtime    Last Run
---------------------------------------  -----  ---------  --------  ----------  --------------  -------------------
/opt/airflow/dags/trees_pipeline_dag.py                           1           0  0.16s           2026-02-07T15:16:50
================================================================================
[2026-02-07T15:17:37.251+0000] {manager.py:879} INFO - 
================================================================================
DAG File Processing Stats

File Path                                PID    Runtime      # DAGs    # Errors  Last Runtime    Last Run
---------------------------------------  -----  ---------  --------  ----------  --------------  -------------------
/opt/airflow/dags/trees_pipeline_dag.py                           1           0  0.19s           2026-02-07T15:17:21
================================================================================
[2026-02-07T15:18:01.522+0000] {manager.py:738} INFO - Searching for files in /opt/airflow/dags
[2026-02-07T15:18:01.533+0000] {manager.py:741} INFO - There are 1 files in /opt/airflow/dags
[2026-02-07T15:18:07.579+0000] {manager.py:879} INFO - 
================================================================================
DAG File Processing Stats

File Path                                PID    Runtime      # DAGs    # Errors  Last Runtime    Last Run
---------------------------------------  -----  ---------  --------  ----------  --------------  -------------------
/opt/airflow/dags/trees_pipeline_dag.py                           1           0  0.16s           2026-02-07T15:17:51
================================================================================
[2026-02-07T15:18:37.835+0000] {manager.py:879} INFO - 
================================================================================
DAG File Processing Stats

File Path                                PID    Runtime      # DAGs    # Errors  Last Runtime    Last Run
---------------------------------------  -----  ---------  --------  ----------  --------------  -------------------
/opt/airflow/dags/trees_pipeline_dag.py                           1           0  0.16s           2026-02-07T15:18:21
================================================================================
[2026-02-07T15:19:08.077+0000] {manager.py:879} INFO - 
================================================================================
DAG File Processing Stats

File Path                                PID    Runtime      # DAGs    # Errors  Last Runtime    Last Run
---------------------------------------  -----  ---------  --------  ----------  --------------  -------------------
/opt/airflow/dags/trees_pipeline_dag.py                           1           0  0.17s           2026-02-07T15:18:52
================================================================================
[2026-02-07T15:19:38.470+0000] {manager.py:879} INFO - 
================================================================================
DAG File Processing Stats

File Path                                PID    Runtime      # DAGs    # Errors  Last Runtime    Last Run
---------------------------------------  -----  ---------  --------  ----------  --------------  -------------------
/opt/airflow/dags/trees_pipeline_dag.py                           1           0  0.16s           2026-02-07T15:19:22
================================================================================
[2026-02-07T15:20:08.665+0000] {manager.py:879} INFO - 
================================================================================
DAG File Processing Stats

File Path                                PID    Runtime      # DAGs    # Errors  Last Runtime    Last Run
---------------------------------------  -----  ---------  --------  ----------  --------------  -------------------
/opt/airflow/dags/trees_pipeline_dag.py                           1           0  0.15s           2026-02-07T15:19:52
================================================================================
[2026-02-07T15:20:38.976+0000] {manager.py:879} INFO - 
================================================================================
DAG File Processing Stats

File Path                                PID    Runtime      # DAGs    # Errors  Last Runtime    Last Run
---------------------------------------  -----  ---------  --------  ----------  --------------  -------------------
/opt/airflow/dags/trees_pipeline_dag.py                           1           0  0.17s           2026-02-07T15:20:22
================================================================================
[2026-02-07T15:21:09.197+0000] {manager.py:879} INFO - 
================================================================================
DAG File Processing Stats

File Path                                PID    Runtime      # DAGs    # Errors  Last Runtime    Last Run
---------------------------------------  -----  ---------  --------  ----------  --------------  -------------------
/opt/airflow/dags/trees_pipeline_dag.py                           1           0  0.17s           2026-02-07T15:20:53
================================================================================
[2026-02-07T15:21:39.516+0000] {manager.py:879} INFO - 
================================================================================
DAG File Processing Stats

File Path                                PID    Runtime      # DAGs    # Errors  Last Runtime    Last Run
---------------------------------------  -----  ---------  --------  ----------  --------------  -------------------
/opt/airflow/dags/trees_pipeline_dag.py                           1           0  0.16s           2026-02-07T15:21:23
================================================================================
[2026-02-07T15:22:09.733+0000] {manager.py:879} INFO - 
================================================================================
DAG File Processing Stats

File Path                                PID    Runtime      # DAGs    # Errors  Last Runtime    Last Run
---------------------------------------  -----  ---------  --------  ----------  --------------  -------------------
/opt/airflow/dags/trees_pipeline_dag.py                           1           0  0.21s           2026-02-07T15:21:53
================================================================================
[2026-02-07T15:22:40.116+0000] {manager.py:879} INFO - 
================================================================================
DAG File Processing Stats

File Path                                PID    Runtime      # DAGs    # Errors  Last Runtime    Last Run
---------------------------------------  -----  ---------  --------  ----------  --------------  -------------------
/opt/airflow/dags/trees_pipeline_dag.py                           1           0  0.22s           2026-02-07T15:22:24
================================================================================
[2026-02-07T15:23:02.311+0000] {manager.py:738} INFO - Searching for files in /opt/airflow/dags
[2026-02-07T15:23:02.325+0000] {manager.py:741} INFO - There are 1 files in /opt/airflow/dags
[2026-02-07T15:23:10.387+0000] {manager.py:879} INFO - 
================================================================================
DAG File Processing Stats

File Path                                PID    Runtime      # DAGs    # Errors  Last Runtime    Last Run
---------------------------------------  -----  ---------  --------  ----------  --------------  -------------------
/opt/airflow/dags/trees_pipeline_dag.py                           1           0  0.18s           2026-02-07T15:22:54
================================================================================
[2026-02-07T15:23:40.664+0000] {manager.py:879} INFO - 
================================================================================
DAG File Processing Stats

File Path                                PID    Runtime      # DAGs    # Errors  Last Runtime    Last Run
---------------------------------------  -----  ---------  --------  ----------  --------------  -------------------
/opt/airflow/dags/trees_pipeline_dag.py                           1           0  0.19s           2026-02-07T15:23:24
================================================================================
[2026-02-07T15:24:10.940+0000] {manager.py:879} INFO - 
================================================================================
DAG File Processing Stats

File Path                                PID    Runtime      # DAGs    # Errors  Last Runtime    Last Run
---------------------------------------  -----  ---------  --------  ----------  --------------  -------------------
/opt/airflow/dags/trees_pipeline_dag.py                           1           0  0.17s           2026-02-07T15:23:54
================================================================================
[2026-02-07T15:24:41.192+0000] {manager.py:879} INFO - 
================================================================================
DAG File Processing Stats

File Path                                PID    Runtime      # DAGs    # Errors  Last Runtime    Last Run
---------------------------------------  -----  ---------  --------  ----------  --------------  -------------------
/opt/airflow/dags/trees_pipeline_dag.py                           1           0  0.17s           2026-02-07T15:24:25
================================================================================
[2026-02-07T15:25:11.509+0000] {manager.py:879} INFO - 
================================================================================
DAG File Processing Stats

File Path                                PID    Runtime      # DAGs    # Errors  Last Runtime    Last Run
---------------------------------------  -----  ---------  --------  ----------  --------------  -------------------
/opt/airflow/dags/trees_pipeline_dag.py                           1           0  0.17s           2026-02-07T15:24:55
================================================================================
[2026-02-07T15:25:36.096+0000] {manager.py:451} INFO - Exiting gracefully upon receiving signal 15
[2026-02-07T15:29:50.724+0000] {manager.py:469} INFO - Processing files using up to 2 processes at a time 
[2026-02-07T15:29:50.725+0000] {manager.py:470} INFO - Process each file at most once every 30 seconds
[2026-02-07T15:29:50.725+0000] {manager.py:471} INFO - Checking for new files in /opt/airflow/dags every 300 seconds
[2026-02-07T15:29:50.726+0000] {manager.py:738} INFO - Searching for files in /opt/airflow/dags
[2026-02-07T15:29:50.763+0000] {manager.py:741} INFO - There are 1 files in /opt/airflow/dags
[2026-02-07T15:29:50.949+0000] {manager.py:879} INFO - 
================================================================================
DAG File Processing Stats

File Path                                  PID  Runtime      # DAGs    # Errors  Last Runtime    Last Run
---------------------------------------  -----  ---------  --------  ----------  --------------  ----------
/opt/airflow/dags/trees_pipeline_dag.py    177  0.07s             0           0
================================================================================
[2026-02-07T15:30:21.125+0000] {manager.py:879} INFO - 
================================================================================
DAG File Processing Stats

File Path                                PID    Runtime      # DAGs    # Errors  Last Runtime    Last Run
---------------------------------------  -----  ---------  --------  ----------  --------------  -------------------
/opt/airflow/dags/trees_pipeline_dag.py                           1           0  0.76s           2026-02-07T15:29:51
================================================================================
[2026-02-07T15:30:51.283+0000] {manager.py:879} INFO - 
================================================================================
DAG File Processing Stats

File Path                                PID    Runtime      # DAGs    # Errors  Last Runtime    Last Run
---------------------------------------  -----  ---------  --------  ----------  --------------  -------------------
/opt/airflow/dags/trees_pipeline_dag.py                           1           0  0.29s           2026-02-07T15:30:22
================================================================================
[2026-02-07T15:31:21.586+0000] {manager.py:879} INFO - 
================================================================================
DAG File Processing Stats

File Path                                PID    Runtime      # DAGs    # Errors  Last Runtime    Last Run
---------------------------------------  -----  ---------  --------  ----------  --------------  -------------------
/opt/airflow/dags/trees_pipeline_dag.py                           1           0  0.28s           2026-02-07T15:30:52
================================================================================
[2026-02-07T15:31:51.948+0000] {manager.py:879} INFO - 
================================================================================
DAG File Processing Stats

File Path                                PID    Runtime      # DAGs    # Errors  Last Runtime    Last Run
---------------------------------------  -----  ---------  --------  ----------  --------------  -------------------
/opt/airflow/dags/trees_pipeline_dag.py                           1           0  0.20s           2026-02-07T15:31:22
================================================================================
[2026-02-07T15:32:22.213+0000] {manager.py:879} INFO - 
================================================================================
DAG File Processing Stats

File Path                                PID    Runtime      # DAGs    # Errors  Last Runtime    Last Run
---------------------------------------  -----  ---------  --------  ----------  --------------  -------------------
/opt/airflow/dags/trees_pipeline_dag.py                           1           0  0.18s           2026-02-07T15:31:53
================================================================================
[2026-02-07T15:32:52.576+0000] {manager.py:879} INFO - 
================================================================================
DAG File Processing Stats

File Path                                PID    Runtime      # DAGs    # Errors  Last Runtime    Last Run
---------------------------------------  -----  ---------  --------  ----------  --------------  -------------------
/opt/airflow/dags/trees_pipeline_dag.py                           1           0  0.25s           2026-02-07T15:32:37
================================================================================
[2026-02-07T15:33:22.933+0000] {manager.py:879} INFO - 
================================================================================
DAG File Processing Stats

File Path                                PID    Runtime      # DAGs    # Errors  Last Runtime    Last Run
---------------------------------------  -----  ---------  --------  ----------  --------------  -------------------
/opt/airflow/dags/trees_pipeline_dag.py                           1           0  0.16s           2026-02-07T15:33:07
================================================================================
[2026-02-07T15:33:53.251+0000] {manager.py:879} INFO - 
================================================================================
DAG File Processing Stats

File Path                                PID    Runtime      # DAGs    # Errors  Last Runtime    Last Run
---------------------------------------  -----  ---------  --------  ----------  --------------  -------------------
/opt/airflow/dags/trees_pipeline_dag.py                           1           0  0.17s           2026-02-07T15:33:38
================================================================================
[2026-02-07T15:34:23.463+0000] {manager.py:879} INFO - 
================================================================================
DAG File Processing Stats

File Path                                PID    Runtime      # DAGs    # Errors  Last Runtime    Last Run
---------------------------------------  -----  ---------  --------  ----------  --------------  -------------------
/opt/airflow/dags/trees_pipeline_dag.py                           1           0  0.18s           2026-02-07T15:34:08
================================================================================
[2026-02-07T15:34:50.845+0000] {manager.py:738} INFO - Searching for files in /opt/airflow/dags
[2026-02-07T15:34:50.866+0000] {manager.py:741} INFO - There are 1 files in /opt/airflow/dags
[2026-02-07T15:34:53.900+0000] {manager.py:879} INFO - 
================================================================================
DAG File Processing Stats

File Path                                PID    Runtime      # DAGs    # Errors  Last Runtime    Last Run
---------------------------------------  -----  ---------  --------  ----------  --------------  -------------------
/opt/airflow/dags/trees_pipeline_dag.py                           1           0  0.22s           2026-02-07T15:34:42
================================================================================
[2026-02-07T15:35:24.258+0000] {manager.py:879} INFO - 
================================================================================
DAG File Processing Stats

File Path                                PID    Runtime      # DAGs    # Errors  Last Runtime    Last Run
---------------------------------------  -----  ---------  --------  ----------  --------------  -------------------
/opt/airflow/dags/trees_pipeline_dag.py                           1           0  0.18s           2026-02-07T15:35:12
================================================================================
[2026-02-07T15:35:54.495+0000] {manager.py:879} INFO - 
================================================================================
DAG File Processing Stats

File Path                                PID    Runtime      # DAGs    # Errors  Last Runtime    Last Run
---------------------------------------  -----  ---------  --------  ----------  --------------  -------------------
/opt/airflow/dags/trees_pipeline_dag.py                           1           0  0.16s           2026-02-07T15:35:42
================================================================================
[2026-02-07T15:36:18.910+0000] {manager.py:451} INFO - Exiting gracefully upon receiving signal 15
[2026-02-07T15:37:41.356+0000] {manager.py:469} INFO - Processing files using up to 2 processes at a time 
[2026-02-07T15:37:41.358+0000] {manager.py:470} INFO - Process each file at most once every 30 seconds
[2026-02-07T15:37:41.359+0000] {manager.py:471} INFO - Checking for new files in /opt/airflow/dags every 300 seconds
[2026-02-07T15:37:41.360+0000] {manager.py:738} INFO - Searching for files in /opt/airflow/dags
[2026-02-07T15:37:41.387+0000] {manager.py:741} INFO - There are 1 files in /opt/airflow/dags
[2026-02-07T15:37:41.557+0000] {manager.py:879} INFO - 
================================================================================
DAG File Processing Stats

File Path                                  PID  Runtime      # DAGs    # Errors  Last Runtime    Last Run
---------------------------------------  -----  ---------  --------  ----------  --------------  ----------
/opt/airflow/dags/trees_pipeline_dag.py    176  0.07s             0           0
================================================================================
[2026-02-07T15:38:11.681+0000] {manager.py:879} INFO - 
================================================================================
DAG File Processing Stats

File Path                                PID    Runtime      # DAGs    # Errors  Last Runtime    Last Run
---------------------------------------  -----  ---------  --------  ----------  --------------  -------------------
/opt/airflow/dags/trees_pipeline_dag.py                           1           0  1.02s           2026-02-07T15:37:42
================================================================================
[2026-02-07T15:38:41.881+0000] {manager.py:879} INFO - 
================================================================================
DAG File Processing Stats

File Path                                PID    Runtime      # DAGs    # Errors  Last Runtime    Last Run
---------------------------------------  -----  ---------  --------  ----------  --------------  -------------------
/opt/airflow/dags/trees_pipeline_dag.py                           1           0  0.34s           2026-02-07T15:38:13
================================================================================
[2026-02-07T15:39:12.426+0000] {manager.py:879} INFO - 
================================================================================
DAG File Processing Stats

File Path                                PID    Runtime      # DAGs    # Errors  Last Runtime    Last Run
---------------------------------------  -----  ---------  --------  ----------  --------------  -------------------
/opt/airflow/dags/trees_pipeline_dag.py                           1           0  0.27s           2026-02-07T15:38:43
================================================================================
[2026-02-07T15:39:43.018+0000] {manager.py:879} INFO - 
================================================================================
DAG File Processing Stats

File Path                                PID    Runtime      # DAGs    # Errors  Last Runtime    Last Run
---------------------------------------  -----  ---------  --------  ----------  --------------  -------------------
/opt/airflow/dags/trees_pipeline_dag.py                           1           0  0.18s           2026-02-07T15:39:13
================================================================================
[2026-02-07T15:40:13.365+0000] {manager.py:879} INFO - 
================================================================================
DAG File Processing Stats

File Path                                PID    Runtime      # DAGs    # Errors  Last Runtime    Last Run
---------------------------------------  -----  ---------  --------  ----------  --------------  -------------------
/opt/airflow/dags/trees_pipeline_dag.py                           1           0  0.45s           2026-02-07T15:39:44
================================================================================
[2026-02-07T15:40:43.565+0000] {manager.py:879} INFO - 
================================================================================
DAG File Processing Stats

File Path                                PID    Runtime      # DAGs    # Errors  Last Runtime    Last Run
---------------------------------------  -----  ---------  --------  ----------  --------------  -------------------
/opt/airflow/dags/trees_pipeline_dag.py                           1           0  0.81s           2026-02-07T15:40:15
================================================================================
[2026-02-07T15:41:13.858+0000] {manager.py:879} INFO - 
================================================================================
DAG File Processing Stats

File Path                                PID    Runtime      # DAGs    # Errors  Last Runtime    Last Run
---------------------------------------  -----  ---------  --------  ----------  --------------  -------------------
/opt/airflow/dags/trees_pipeline_dag.py                           1           0  0.38s           2026-02-07T15:40:45
================================================================================
[2026-02-07T15:41:44.338+0000] {manager.py:879} INFO - 
================================================================================
DAG File Processing Stats

File Path                                PID    Runtime      # DAGs    # Errors  Last Runtime    Last Run
---------------------------------------  -----  ---------  --------  ----------  --------------  -------------------
/opt/airflow/dags/trees_pipeline_dag.py                           1           0  0.17s           2026-02-07T15:41:16
================================================================================
[2026-02-07T15:42:14.685+0000] {manager.py:879} INFO - 
================================================================================
DAG File Processing Stats

File Path                                PID    Runtime      # DAGs    # Errors  Last Runtime    Last Run
---------------------------------------  -----  ---------  --------  ----------  --------------  -------------------
/opt/airflow/dags/trees_pipeline_dag.py                           1           0  0.16s           2026-02-07T15:41:46
================================================================================
[2026-02-07T15:42:41.857+0000] {manager.py:738} INFO - Searching for files in /opt/airflow/dags
[2026-02-07T15:42:41.870+0000] {manager.py:741} INFO - There are 1 files in /opt/airflow/dags
[2026-02-07T15:42:44.901+0000] {manager.py:879} INFO - 
================================================================================
DAG File Processing Stats

File Path                                PID    Runtime      # DAGs    # Errors  Last Runtime    Last Run
---------------------------------------  -----  ---------  --------  ----------  --------------  -------------------
/opt/airflow/dags/trees_pipeline_dag.py                           1           0  0.16s           2026-02-07T15:42:16
================================================================================
[2026-02-07T15:43:15.198+0000] {manager.py:879} INFO - 
================================================================================
DAG File Processing Stats

File Path                                PID    Runtime      # DAGs    # Errors  Last Runtime    Last Run
---------------------------------------  -----  ---------  --------  ----------  --------------  -------------------
/opt/airflow/dags/trees_pipeline_dag.py                           1           0  0.28s           2026-02-07T15:42:47
================================================================================
[2026-02-07T15:43:45.579+0000] {manager.py:879} INFO - 
================================================================================
DAG File Processing Stats

File Path                                PID    Runtime      # DAGs    # Errors  Last Runtime    Last Run
---------------------------------------  -----  ---------  --------  ----------  --------------  -------------------
/opt/airflow/dags/trees_pipeline_dag.py                           1           0  0.16s           2026-02-07T15:43:17
================================================================================
[2026-02-07T15:43:54.364+0000] {manager.py:451} INFO - Exiting gracefully upon receiving signal 15
[2026-02-07T15:45:16.858+0000] {manager.py:469} INFO - Processing files using up to 2 processes at a time 
[2026-02-07T15:45:16.859+0000] {manager.py:470} INFO - Process each file at most once every 30 seconds
[2026-02-07T15:45:16.859+0000] {manager.py:471} INFO - Checking for new files in /opt/airflow/dags every 300 seconds
[2026-02-07T15:45:16.860+0000] {manager.py:738} INFO - Searching for files in /opt/airflow/dags
[2026-02-07T15:45:16.878+0000] {manager.py:741} INFO - There are 1 files in /opt/airflow/dags
[2026-02-07T15:45:17.030+0000] {manager.py:879} INFO - 
================================================================================
DAG File Processing Stats

File Path                                  PID  Runtime      # DAGs    # Errors  Last Runtime    Last Run
---------------------------------------  -----  ---------  --------  ----------  --------------  ----------
/opt/airflow/dags/trees_pipeline_dag.py    177  0.06s             0           0
================================================================================
[2026-02-07T15:45:47.120+0000] {manager.py:879} INFO - 
================================================================================
DAG File Processing Stats

File Path                                PID    Runtime      # DAGs    # Errors  Last Runtime    Last Run
---------------------------------------  -----  ---------  --------  ----------  --------------  -------------------
/opt/airflow/dags/trees_pipeline_dag.py                           1           0  0.96s           2026-02-07T15:45:17
================================================================================
[2026-02-07T15:46:17.414+0000] {manager.py:879} INFO - 
================================================================================
DAG File Processing Stats

File Path                                PID    Runtime      # DAGs    # Errors  Last Runtime    Last Run
---------------------------------------  -----  ---------  --------  ----------  --------------  -------------------
/opt/airflow/dags/trees_pipeline_dag.py                           1           0  0.31s           2026-02-07T15:45:48
================================================================================
[2026-02-07T15:46:48.210+0000] {manager.py:879} INFO - 
================================================================================
DAG File Processing Stats

File Path                                PID    Runtime      # DAGs    # Errors  Last Runtime    Last Run
---------------------------------------  -----  ---------  --------  ----------  --------------  -------------------
/opt/airflow/dags/trees_pipeline_dag.py                           1           0  0.35s           2026-02-07T15:46:18
================================================================================
[2026-02-07T15:47:18.573+0000] {manager.py:879} INFO - 
================================================================================
DAG File Processing Stats

File Path                                PID    Runtime      # DAGs    # Errors  Last Runtime    Last Run
---------------------------------------  -----  ---------  --------  ----------  --------------  -------------------
/opt/airflow/dags/trees_pipeline_dag.py                           1           0  0.36s           2026-02-07T15:46:49
================================================================================
[2026-02-07T15:47:48.887+0000] {manager.py:879} INFO - 
================================================================================
DAG File Processing Stats

File Path                                PID    Runtime      # DAGs    # Errors  Last Runtime    Last Run
---------------------------------------  -----  ---------  --------  ----------  --------------  -------------------
/opt/airflow/dags/trees_pipeline_dag.py                           1           0  0.60s           2026-02-07T15:47:20
================================================================================
[2026-02-07T15:48:19.832+0000] {manager.py:879} INFO - 
================================================================================
DAG File Processing Stats

File Path                                PID    Runtime      # DAGs    # Errors  Last Runtime    Last Run
---------------------------------------  -----  ---------  --------  ----------  --------------  -------------------
/opt/airflow/dags/trees_pipeline_dag.py                           1           0  0.65s           2026-02-07T15:47:51
================================================================================
[2026-02-07T15:48:50.129+0000] {manager.py:879} INFO - 
================================================================================
DAG File Processing Stats

File Path                                PID    Runtime      # DAGs    # Errors  Last Runtime    Last Run
---------------------------------------  -----  ---------  --------  ----------  --------------  -------------------
/opt/airflow/dags/trees_pipeline_dag.py                           1           0  1.03s           2026-02-07T15:48:22
================================================================================
[2026-02-07T15:48:53.586+0000] {manager.py:451} INFO - Exiting gracefully upon receiving signal 15
[2026-02-07T15:48:53.583+0000] {manager.py:451} INFO - Exiting gracefully upon receiving signal 15
[2026-02-07T15:48:54.244+0000] {manager.py:451} INFO - Exiting gracefully upon receiving signal 15
[2026-02-07T15:50:16.940+0000] {manager.py:469} INFO - Processing files using up to 2 processes at a time 
[2026-02-07T15:50:16.941+0000] {manager.py:470} INFO - Process each file at most once every 30 seconds
[2026-02-07T15:50:16.942+0000] {manager.py:471} INFO - Checking for new files in /opt/airflow/dags every 300 seconds
[2026-02-07T15:50:16.942+0000] {manager.py:738} INFO - Searching for files in /opt/airflow/dags
[2026-02-07T15:50:16.960+0000] {manager.py:741} INFO - There are 1 files in /opt/airflow/dags
[2026-02-07T15:50:17.148+0000] {manager.py:879} INFO - 
================================================================================
DAG File Processing Stats

File Path                                  PID  Runtime      # DAGs    # Errors  Last Runtime    Last Run
---------------------------------------  -----  ---------  --------  ----------  --------------  ----------
/opt/airflow/dags/trees_pipeline_dag.py    176  0.07s             0           0
================================================================================
[2026-02-07T15:50:47.343+0000] {manager.py:879} INFO - 
================================================================================
DAG File Processing Stats

File Path                                PID    Runtime      # DAGs    # Errors  Last Runtime    Last Run
---------------------------------------  -----  ---------  --------  ----------  --------------  -------------------
/opt/airflow/dags/trees_pipeline_dag.py                           1           0  1.16s           2026-02-07T15:50:18
================================================================================
[2026-02-07T15:51:17.590+0000] {manager.py:879} INFO - 
================================================================================
DAG File Processing Stats

File Path                                PID    Runtime      # DAGs    # Errors  Last Runtime    Last Run
---------------------------------------  -----  ---------  --------  ----------  --------------  -------------------
/opt/airflow/dags/trees_pipeline_dag.py                           1           0  0.40s           2026-02-07T15:50:48
================================================================================
[2026-02-07T15:51:47.837+0000] {manager.py:879} INFO - 
================================================================================
DAG File Processing Stats

File Path                                PID    Runtime      # DAGs    # Errors  Last Runtime    Last Run
---------------------------------------  -----  ---------  --------  ----------  --------------  -------------------
/opt/airflow/dags/trees_pipeline_dag.py                           1           0  0.43s           2026-02-07T15:51:19
================================================================================
[2026-02-07T15:52:18.326+0000] {manager.py:879} INFO - 
================================================================================
DAG File Processing Stats

File Path                                PID    Runtime      # DAGs    # Errors  Last Runtime    Last Run
---------------------------------------  -----  ---------  --------  ----------  --------------  -------------------
/opt/airflow/dags/trees_pipeline_dag.py                           1           0  0.41s           2026-02-07T15:51:50
================================================================================
[2026-02-07T15:52:48.670+0000] {manager.py:879} INFO - 
================================================================================
DAG File Processing Stats

File Path                                PID    Runtime      # DAGs    # Errors  Last Runtime    Last Run
---------------------------------------  -----  ---------  --------  ----------  --------------  -------------------
/opt/airflow/dags/trees_pipeline_dag.py                           1           0  0.31s           2026-02-07T15:52:20
================================================================================
[2026-02-07T15:53:19.032+0000] {manager.py:879} INFO - 
================================================================================
DAG File Processing Stats

File Path                                PID    Runtime      # DAGs    # Errors  Last Runtime    Last Run
---------------------------------------  -----  ---------  --------  ----------  --------------  -------------------
/opt/airflow/dags/trees_pipeline_dag.py                           1           0  0.15s           2026-02-07T15:52:50
================================================================================
[2026-02-07T15:53:49.267+0000] {manager.py:879} INFO - 
================================================================================
DAG File Processing Stats

File Path                                PID    Runtime      # DAGs    # Errors  Last Runtime    Last Run
---------------------------------------  -----  ---------  --------  ----------  --------------  -------------------
/opt/airflow/dags/trees_pipeline_dag.py                           1           0  0.16s           2026-02-07T15:53:21
================================================================================
[2026-02-07T15:54:19.603+0000] {manager.py:879} INFO - 
================================================================================
DAG File Processing Stats

File Path                                PID    Runtime      # DAGs    # Errors  Last Runtime    Last Run
---------------------------------------  -----  ---------  --------  ----------  --------------  -------------------
/opt/airflow/dags/trees_pipeline_dag.py                           1           0  0.16s           2026-02-07T15:53:51
================================================================================
[2026-02-07T15:54:49.832+0000] {manager.py:879} INFO - 
================================================================================
DAG File Processing Stats

File Path                                PID    Runtime      # DAGs    # Errors  Last Runtime    Last Run
---------------------------------------  -----  ---------  --------  ----------  --------------  -------------------
/opt/airflow/dags/trees_pipeline_dag.py                           1           0  0.19s           2026-02-07T15:54:21
================================================================================
[2026-02-07T15:55:17.151+0000] {manager.py:738} INFO - Searching for files in /opt/airflow/dags
[2026-02-07T15:55:17.170+0000] {manager.py:741} INFO - There are 1 files in /opt/airflow/dags
[2026-02-07T15:55:20.202+0000] {manager.py:879} INFO - 
================================================================================
DAG File Processing Stats

File Path                                PID    Runtime      # DAGs    # Errors  Last Runtime    Last Run
---------------------------------------  -----  ---------  --------  ----------  --------------  -------------------
/opt/airflow/dags/trees_pipeline_dag.py                           1           0  0.18s           2026-02-07T15:54:52
================================================================================
[2026-02-07T15:55:50.443+0000] {manager.py:879} INFO - 
================================================================================
DAG File Processing Stats

File Path                                PID    Runtime      # DAGs    # Errors  Last Runtime    Last Run
---------------------------------------  -----  ---------  --------  ----------  --------------  -------------------
/opt/airflow/dags/trees_pipeline_dag.py                           1           0  0.17s           2026-02-07T15:55:22
================================================================================
[2026-02-07T15:56:20.751+0000] {manager.py:879} INFO - 
================================================================================
DAG File Processing Stats

File Path                                PID    Runtime      # DAGs    # Errors  Last Runtime    Last Run
---------------------------------------  -----  ---------  --------  ----------  --------------  -------------------
/opt/airflow/dags/trees_pipeline_dag.py                           1           0  0.20s           2026-02-07T15:55:52
================================================================================
[2026-02-07T15:56:51.020+0000] {manager.py:879} INFO - 
================================================================================
DAG File Processing Stats

File Path                                PID    Runtime      # DAGs    # Errors  Last Runtime    Last Run
---------------------------------------  -----  ---------  --------  ----------  --------------  -------------------
/opt/airflow/dags/trees_pipeline_dag.py                           1           0  0.19s           2026-02-07T15:56:22
================================================================================
[2026-02-07T15:57:21.325+0000] {manager.py:879} INFO - 
================================================================================
DAG File Processing Stats

File Path                                PID    Runtime      # DAGs    # Errors  Last Runtime    Last Run
---------------------------------------  -----  ---------  --------  ----------  --------------  -------------------
/opt/airflow/dags/trees_pipeline_dag.py                           1           0  0.15s           2026-02-07T15:56:53
================================================================================
[2026-02-07T15:57:51.536+0000] {manager.py:879} INFO - 
================================================================================
DAG File Processing Stats

File Path                                PID    Runtime      # DAGs    # Errors  Last Runtime    Last Run
---------------------------------------  -----  ---------  --------  ----------  --------------  -------------------
/opt/airflow/dags/trees_pipeline_dag.py                           1           0  0.16s           2026-02-07T15:57:23
================================================================================
[2026-02-07T15:57:55.001+0000] {manager.py:451} INFO - Exiting gracefully upon receiving signal 15
[2026-02-07T15:59:04.033+0000] {manager.py:469} INFO - Processing files using up to 2 processes at a time 
[2026-02-07T15:59:04.034+0000] {manager.py:470} INFO - Process each file at most once every 30 seconds
[2026-02-07T15:59:04.034+0000] {manager.py:471} INFO - Checking for new files in /opt/airflow/dags every 300 seconds
[2026-02-07T15:59:04.035+0000] {manager.py:738} INFO - Searching for files in /opt/airflow/dags
[2026-02-07T15:59:04.057+0000] {manager.py:741} INFO - There are 1 files in /opt/airflow/dags
[2026-02-07T15:59:04.204+0000] {manager.py:879} INFO - 
================================================================================
DAG File Processing Stats

File Path                                  PID  Runtime      # DAGs    # Errors  Last Runtime    Last Run
---------------------------------------  -----  ---------  --------  ----------  --------------  ----------
/opt/airflow/dags/trees_pipeline_dag.py    175  0.06s             0           0
================================================================================
[2026-02-07T15:59:34.445+0000] {manager.py:879} INFO - 
================================================================================
DAG File Processing Stats

File Path                                PID    Runtime      # DAGs    # Errors  Last Runtime    Last Run
---------------------------------------  -----  ---------  --------  ----------  --------------  -------------------
/opt/airflow/dags/trees_pipeline_dag.py                           1           0  0.57s           2026-02-07T15:59:04
================================================================================
[2026-02-07T16:00:04.534+0000] {manager.py:879} INFO - 
================================================================================
DAG File Processing Stats

File Path                                PID    Runtime      # DAGs    # Errors  Last Runtime    Last Run
---------------------------------------  -----  ---------  --------  ----------  --------------  -------------------
/opt/airflow/dags/trees_pipeline_dag.py                           1           0  0.45s           2026-02-07T15:59:35
================================================================================
[2026-02-07T16:00:34.872+0000] {manager.py:879} INFO - 
================================================================================
DAG File Processing Stats

File Path                                PID    Runtime      # DAGs    # Errors  Last Runtime    Last Run
---------------------------------------  -----  ---------  --------  ----------  --------------  -------------------
/opt/airflow/dags/trees_pipeline_dag.py                           1           0  0.26s           2026-02-07T16:00:05
================================================================================
[2026-02-07T16:01:05.214+0000] {manager.py:879} INFO - 
================================================================================
DAG File Processing Stats

File Path                                PID    Runtime      # DAGs    # Errors  Last Runtime    Last Run
---------------------------------------  -----  ---------  --------  ----------  --------------  -------------------
/opt/airflow/dags/trees_pipeline_dag.py                           1           0  0.19s           2026-02-07T16:00:36
================================================================================
[2026-02-07T16:01:35.458+0000] {manager.py:879} INFO - 
================================================================================
DAG File Processing Stats

File Path                                PID    Runtime      # DAGs    # Errors  Last Runtime    Last Run
---------------------------------------  -----  ---------  --------  ----------  --------------  -------------------
/opt/airflow/dags/trees_pipeline_dag.py                           1           0  0.17s           2026-02-07T16:01:06
================================================================================
[2026-02-07T16:02:05.769+0000] {manager.py:879} INFO - 
================================================================================
DAG File Processing Stats

File Path                                PID    Runtime      # DAGs    # Errors  Last Runtime    Last Run
---------------------------------------  -----  ---------  --------  ----------  --------------  -------------------
/opt/airflow/dags/trees_pipeline_dag.py                           1           0  0.16s           2026-02-07T16:01:36
================================================================================
[2026-02-07T16:02:35.983+0000] {manager.py:879} INFO - 
================================================================================
DAG File Processing Stats

File Path                                PID    Runtime      # DAGs    # Errors  Last Runtime    Last Run
---------------------------------------  -----  ---------  --------  ----------  --------------  -------------------
/opt/airflow/dags/trees_pipeline_dag.py                           1           0  0.16s           2026-02-07T16:02:06
================================================================================
[2026-02-07T16:03:06.318+0000] {manager.py:879} INFO - 
================================================================================
DAG File Processing Stats

File Path                                PID    Runtime      # DAGs    # Errors  Last Runtime    Last Run
---------------------------------------  -----  ---------  --------  ----------  --------------  -------------------
/opt/airflow/dags/trees_pipeline_dag.py                           1           0  0.18s           2026-02-07T16:02:37
================================================================================
[2026-02-07T16:03:36.529+0000] {manager.py:879} INFO - 
================================================================================
DAG File Processing Stats

File Path                                PID    Runtime      # DAGs    # Errors  Last Runtime    Last Run
---------------------------------------  -----  ---------  --------  ----------  --------------  -------------------
/opt/airflow/dags/trees_pipeline_dag.py                           1           0  0.16s           2026-02-07T16:03:07
================================================================================
[2026-02-07T16:04:04.236+0000] {manager.py:738} INFO - Searching for files in /opt/airflow/dags
[2026-02-07T16:04:04.254+0000] {manager.py:741} INFO - There are 1 files in /opt/airflow/dags
[2026-02-07T16:04:06.867+0000] {manager.py:879} INFO - 
================================================================================
DAG File Processing Stats

File Path                                PID    Runtime      # DAGs    # Errors  Last Runtime    Last Run
---------------------------------------  -----  ---------  --------  ----------  --------------  -------------------
/opt/airflow/dags/trees_pipeline_dag.py                           1           0  0.51s           2026-02-07T16:03:38
================================================================================
[2026-02-07T16:04:36.869+0000] {manager.py:879} INFO - 
================================================================================
DAG File Processing Stats

File Path                                PID    Runtime      # DAGs    # Errors  Last Runtime    Last Run
---------------------------------------  -----  ---------  --------  ----------  --------------  -------------------
/opt/airflow/dags/trees_pipeline_dag.py                           1           0  0.39s           2026-02-07T16:04:08
================================================================================
[2026-02-07T16:05:07.092+0000] {manager.py:879} INFO - 
================================================================================
DAG File Processing Stats

File Path                                PID    Runtime      # DAGs    # Errors  Last Runtime    Last Run
---------------------------------------  -----  ---------  --------  ----------  --------------  -------------------
/opt/airflow/dags/trees_pipeline_dag.py                           1           0  0.17s           2026-02-07T16:04:39
================================================================================
[2026-02-07T16:05:37.414+0000] {manager.py:879} INFO - 
================================================================================
DAG File Processing Stats

File Path                                PID    Runtime      # DAGs    # Errors  Last Runtime    Last Run
---------------------------------------  -----  ---------  --------  ----------  --------------  -------------------
/opt/airflow/dags/trees_pipeline_dag.py                           1           0  0.18s           2026-02-07T16:05:09
================================================================================
[2026-02-07T16:06:07.678+0000] {manager.py:879} INFO - 
================================================================================
DAG File Processing Stats

File Path                                PID    Runtime      # DAGs    # Errors  Last Runtime    Last Run
---------------------------------------  -----  ---------  --------  ----------  --------------  -------------------
/opt/airflow/dags/trees_pipeline_dag.py                           1           0  0.17s           2026-02-07T16:05:39
================================================================================
[2026-02-07T16:06:37.948+0000] {manager.py:879} INFO - 
================================================================================
DAG File Processing Stats

File Path                                PID    Runtime      # DAGs    # Errors  Last Runtime    Last Run
---------------------------------------  -----  ---------  --------  ----------  --------------  -------------------
/opt/airflow/dags/trees_pipeline_dag.py                           1           0  0.16s           2026-02-07T16:06:09
================================================================================
[2026-02-07T16:07:08.225+0000] {manager.py:879} INFO - 
================================================================================
DAG File Processing Stats

File Path                                PID    Runtime      # DAGs    # Errors  Last Runtime    Last Run
---------------------------------------  -----  ---------  --------  ----------  --------------  -------------------
/opt/airflow/dags/trees_pipeline_dag.py                           1           0  0.17s           2026-02-07T16:06:40
================================================================================
[2026-02-07T16:07:38.510+0000] {manager.py:879} INFO - 
================================================================================
DAG File Processing Stats

File Path                                PID    Runtime      # DAGs    # Errors  Last Runtime    Last Run
---------------------------------------  -----  ---------  --------  ----------  --------------  -------------------
/opt/airflow/dags/trees_pipeline_dag.py                           1           0  0.16s           2026-02-07T16:07:10
================================================================================
[2026-02-07T16:08:08.769+0000] {manager.py:879} INFO - 
================================================================================
DAG File Processing Stats

File Path                                PID    Runtime      # DAGs    # Errors  Last Runtime    Last Run
---------------------------------------  -----  ---------  --------  ----------  --------------  -------------------
/opt/airflow/dags/trees_pipeline_dag.py                           1           0  0.17s           2026-02-07T16:07:40
================================================================================
[2026-02-07T16:08:39.060+0000] {manager.py:879} INFO - 
================================================================================
DAG File Processing Stats

File Path                                PID    Runtime      # DAGs    # Errors  Last Runtime    Last Run
---------------------------------------  -----  ---------  --------  ----------  --------------  -------------------
/opt/airflow/dags/trees_pipeline_dag.py                           1           0  0.16s           2026-02-07T16:08:10
================================================================================
[2026-02-07T16:09:04.280+0000] {manager.py:738} INFO - Searching for files in /opt/airflow/dags
[2026-02-07T16:09:04.292+0000] {manager.py:741} INFO - There are 1 files in /opt/airflow/dags
[2026-02-07T16:09:09.336+0000] {manager.py:879} INFO - 
================================================================================
DAG File Processing Stats

File Path                                PID    Runtime      # DAGs    # Errors  Last Runtime    Last Run
---------------------------------------  -----  ---------  --------  ----------  --------------  -------------------
/opt/airflow/dags/trees_pipeline_dag.py                           1           0  0.16s           2026-02-07T16:08:41
================================================================================
[2026-02-07T16:09:39.623+0000] {manager.py:879} INFO - 
================================================================================
DAG File Processing Stats

File Path                                PID    Runtime      # DAGs    # Errors  Last Runtime    Last Run
---------------------------------------  -----  ---------  --------  ----------  --------------  -------------------
/opt/airflow/dags/trees_pipeline_dag.py                           1           0  0.16s           2026-02-07T16:09:11
================================================================================
[2026-02-07T16:10:09.901+0000] {manager.py:879} INFO - 
================================================================================
DAG File Processing Stats

File Path                                PID    Runtime      # DAGs    # Errors  Last Runtime    Last Run
---------------------------------------  -----  ---------  --------  ----------  --------------  -------------------
/opt/airflow/dags/trees_pipeline_dag.py                           1           0  0.17s           2026-02-07T16:09:41
================================================================================
[2026-02-07T16:10:40.183+0000] {manager.py:879} INFO - 
================================================================================
DAG File Processing Stats

File Path                                PID    Runtime      # DAGs    # Errors  Last Runtime    Last Run
---------------------------------------  -----  ---------  --------  ----------  --------------  -------------------
/opt/airflow/dags/trees_pipeline_dag.py                           1           0  0.17s           2026-02-07T16:10:12
================================================================================
[2026-02-07T16:11:10.418+0000] {manager.py:879} INFO - 
================================================================================
DAG File Processing Stats

File Path                                PID    Runtime      # DAGs    # Errors  Last Runtime    Last Run
---------------------------------------  -----  ---------  --------  ----------  --------------  -------------------
/opt/airflow/dags/trees_pipeline_dag.py                           1           0  0.17s           2026-02-07T16:10:42
================================================================================
[2026-02-07T16:11:40.729+0000] {manager.py:879} INFO - 
================================================================================
DAG File Processing Stats

File Path                                PID    Runtime      # DAGs    # Errors  Last Runtime    Last Run
---------------------------------------  -----  ---------  --------  ----------  --------------  -------------------
/opt/airflow/dags/trees_pipeline_dag.py                           1           0  0.17s           2026-02-07T16:11:12
================================================================================
[2026-02-07T16:12:10.943+0000] {manager.py:879} INFO - 
================================================================================
DAG File Processing Stats

File Path                                PID    Runtime      # DAGs    # Errors  Last Runtime    Last Run
---------------------------------------  -----  ---------  --------  ----------  --------------  -------------------
/opt/airflow/dags/trees_pipeline_dag.py                           1           0  0.22s           2026-02-07T16:11:42
================================================================================
[2026-02-07T16:12:41.311+0000] {manager.py:879} INFO - 
================================================================================
DAG File Processing Stats

File Path                                PID    Runtime      # DAGs    # Errors  Last Runtime    Last Run
---------------------------------------  -----  ---------  --------  ----------  --------------  -------------------
/opt/airflow/dags/trees_pipeline_dag.py                           1           0  0.17s           2026-02-07T16:12:13
================================================================================
[2026-02-07T16:13:11.685+0000] {manager.py:879} INFO - 
================================================================================
DAG File Processing Stats

File Path                                PID    Runtime      # DAGs    # Errors  Last Runtime    Last Run
---------------------------------------  -----  ---------  --------  ----------  --------------  -------------------
/opt/airflow/dags/trees_pipeline_dag.py                           1           0  0.18s           2026-02-07T16:12:43
================================================================================
[2026-02-07T16:13:41.956+0000] {manager.py:879} INFO - 
================================================================================
DAG File Processing Stats

File Path                                PID    Runtime      # DAGs    # Errors  Last Runtime    Last Run
---------------------------------------  -----  ---------  --------  ----------  --------------  -------------------
/opt/airflow/dags/trees_pipeline_dag.py                           1           0  0.61s           2026-02-07T16:13:14
================================================================================
[2026-02-07T16:14:04.711+0000] {manager.py:738} INFO - Searching for files in /opt/airflow/dags
[2026-02-07T16:14:04.730+0000] {manager.py:741} INFO - There are 1 files in /opt/airflow/dags
[2026-02-07T16:14:12.017+0000] {manager.py:879} INFO - 
================================================================================
DAG File Processing Stats

File Path                                PID    Runtime      # DAGs    # Errors  Last Runtime    Last Run
---------------------------------------  -----  ---------  --------  ----------  --------------  -------------------
/opt/airflow/dags/trees_pipeline_dag.py                           1           0  0.28s           2026-02-07T16:13:44
================================================================================
[2026-02-07T16:14:42.246+0000] {manager.py:879} INFO - 
================================================================================
DAG File Processing Stats

File Path                                PID    Runtime      # DAGs    # Errors  Last Runtime    Last Run
---------------------------------------  -----  ---------  --------  ----------  --------------  -------------------
/opt/airflow/dags/trees_pipeline_dag.py                           1           0  0.16s           2026-02-07T16:14:15
================================================================================
[2026-02-07T16:15:12.556+0000] {manager.py:879} INFO - 
================================================================================
DAG File Processing Stats

File Path                                PID    Runtime      # DAGs    # Errors  Last Runtime    Last Run
---------------------------------------  -----  ---------  --------  ----------  --------------  -------------------
/opt/airflow/dags/trees_pipeline_dag.py                           1           0  0.16s           2026-02-07T16:14:45
================================================================================
[2026-02-07T16:15:42.814+0000] {manager.py:879} INFO - 
================================================================================
DAG File Processing Stats

File Path                                PID    Runtime      # DAGs    # Errors  Last Runtime    Last Run
---------------------------------------  -----  ---------  --------  ----------  --------------  -------------------
/opt/airflow/dags/trees_pipeline_dag.py                           1           0  0.17s           2026-02-07T16:15:15
================================================================================
[2026-02-07T16:16:13.128+0000] {manager.py:879} INFO - 
================================================================================
DAG File Processing Stats

File Path                                PID    Runtime      # DAGs    # Errors  Last Runtime    Last Run
---------------------------------------  -----  ---------  --------  ----------  --------------  -------------------
/opt/airflow/dags/trees_pipeline_dag.py                           1           0  0.19s           2026-02-07T16:15:46
================================================================================
[2026-02-07T16:16:43.350+0000] {manager.py:879} INFO - 
================================================================================
DAG File Processing Stats

File Path                                PID    Runtime      # DAGs    # Errors  Last Runtime    Last Run
---------------------------------------  -----  ---------  --------  ----------  --------------  -------------------
/opt/airflow/dags/trees_pipeline_dag.py                           1           0  0.17s           2026-02-07T16:16:16
================================================================================
[2026-02-07T16:17:13.675+0000] {manager.py:879} INFO - 
================================================================================
DAG File Processing Stats

File Path                                PID    Runtime      # DAGs    # Errors  Last Runtime    Last Run
---------------------------------------  -----  ---------  --------  ----------  --------------  -------------------
/opt/airflow/dags/trees_pipeline_dag.py                           1           0  0.23s           2026-02-07T16:16:46
================================================================================
[2026-02-07T16:17:43.953+0000] {manager.py:879} INFO - 
================================================================================
DAG File Processing Stats

File Path                                PID    Runtime      # DAGs    # Errors  Last Runtime    Last Run
---------------------------------------  -----  ---------  --------  ----------  --------------  -------------------
/opt/airflow/dags/trees_pipeline_dag.py                           1           0  0.16s           2026-02-07T16:17:16
================================================================================
[2026-02-07T16:18:14.197+0000] {manager.py:879} INFO - 
================================================================================
DAG File Processing Stats

File Path                                PID    Runtime      # DAGs    # Errors  Last Runtime    Last Run
---------------------------------------  -----  ---------  --------  ----------  --------------  -------------------
/opt/airflow/dags/trees_pipeline_dag.py                           1           0  0.17s           2026-02-07T16:17:47
================================================================================
[2026-02-07T16:18:44.912+0000] {manager.py:879} INFO - 
================================================================================
DAG File Processing Stats

File Path                                PID    Runtime      # DAGs    # Errors  Last Runtime    Last Run
---------------------------------------  -----  ---------  --------  ----------  --------------  -------------------
/opt/airflow/dags/trees_pipeline_dag.py                           1           0  0.16s           2026-02-07T16:18:17
================================================================================
[2026-02-07T16:19:05.063+0000] {manager.py:738} INFO - Searching for files in /opt/airflow/dags
[2026-02-07T16:19:05.094+0000] {manager.py:741} INFO - There are 1 files in /opt/airflow/dags
[2026-02-07T16:19:18.018+0000] {manager.py:879} INFO - 
================================================================================
DAG File Processing Stats

File Path                                PID    Runtime      # DAGs    # Errors  Last Runtime    Last Run
---------------------------------------  -----  ---------  --------  ----------  --------------  -------------------
/opt/airflow/dags/trees_pipeline_dag.py                           1           0  1.87s           2026-02-07T16:18:49
================================================================================
[2026-02-07T16:19:52.288+0000] {manager.py:879} INFO - 
================================================================================
DAG File Processing Stats

File Path                                  PID  Runtime      # DAGs    # Errors  Last Runtime    Last Run
---------------------------------------  -----  ---------  --------  ----------  --------------  -------------------
/opt/airflow/dags/trees_pipeline_dag.py    428  16.90s            1           0  1.87s           2026-02-07T16:18:49
================================================================================
[2026-02-07T16:20:28.032+0000] {manager.py:1201} ERROR - Processor for /opt/airflow/dags/trees_pipeline_dag.py with PID 428 started at 2026-02-07T16:19:34.596829+00:00 has timed out, killing it.
[2026-02-07T16:20:31.661+0000] {manager.py:879} INFO - 
================================================================================
DAG File Processing Stats

File Path                                PID    Runtime      # DAGs    # Errors  Last Runtime    Last Run
---------------------------------------  -----  ---------  --------  ----------  --------------  -------------------
/opt/airflow/dags/trees_pipeline_dag.py                           0           1  53.32s          2026-02-07T16:20:27
================================================================================
[2026-02-07T16:26:15.252+0000] {manager.py:738} INFO - Searching for files in /opt/airflow/dags
[2026-02-07T16:26:15.540+0000] {manager.py:741} INFO - There are 1 files in /opt/airflow/dags
[2026-02-07T16:26:16.005+0000] {manager.py:879} INFO - 
================================================================================
DAG File Processing Stats

File Path                                  PID  Runtime      # DAGs    # Errors  Last Runtime    Last Run
---------------------------------------  -----  ---------  --------  ----------  --------------  -------------------
/opt/airflow/dags/trees_pipeline_dag.py    431  0.04s             0           1  53.32s          2026-02-07T16:20:27
================================================================================
[2026-02-07T16:26:46.284+0000] {manager.py:879} INFO - 
================================================================================
DAG File Processing Stats

File Path                                  PID  Runtime      # DAGs    # Errors  Last Runtime    Last Run
---------------------------------------  -----  ---------  --------  ----------  --------------  -------------------
/opt/airflow/dags/trees_pipeline_dag.py    436  3.26s             1           0  20.82s          2026-02-07T16:26:36
================================================================================
[2026-02-07T16:27:52.124+0000] {manager.py:1201} ERROR - Processor for /opt/airflow/dags/trees_pipeline_dag.py with PID 436 started at 2026-02-07T16:26:42.982640+00:00 has timed out, killing it.
[2026-02-07T16:28:04.522+0000] {manager.py:879} INFO - 
================================================================================
DAG File Processing Stats

File Path                                PID    Runtime      # DAGs    # Errors  Last Runtime    Last Run
---------------------------------------  -----  ---------  --------  ----------  --------------  -------------------
/opt/airflow/dags/trees_pipeline_dag.py                           0           1  68.72s          2026-02-07T16:27:51
================================================================================
[2026-02-07T17:07:12.455+0000] {manager.py:469} INFO - Processing files using up to 2 processes at a time 
[2026-02-07T17:07:12.456+0000] {manager.py:470} INFO - Process each file at most once every 30 seconds
[2026-02-07T17:07:12.457+0000] {manager.py:471} INFO - Checking for new files in /opt/airflow/dags every 300 seconds
[2026-02-07T17:07:12.458+0000] {manager.py:738} INFO - Searching for files in /opt/airflow/dags
[2026-02-07T17:07:12.488+0000] {manager.py:741} INFO - There are 1 files in /opt/airflow/dags
[2026-02-07T17:07:12.693+0000] {manager.py:879} INFO - 
================================================================================
DAG File Processing Stats

File Path                                  PID  Runtime      # DAGs    # Errors  Last Runtime    Last Run
---------------------------------------  -----  ---------  --------  ----------  --------------  ----------
/opt/airflow/dags/trees_pipeline_dag.py    176  0.08s             0           0
================================================================================
[2026-02-07T17:07:42.994+0000] {manager.py:879} INFO - 
================================================================================
DAG File Processing Stats

File Path                                PID    Runtime      # DAGs    # Errors  Last Runtime    Last Run
---------------------------------------  -----  ---------  --------  ----------  --------------  -------------------
/opt/airflow/dags/trees_pipeline_dag.py                           1           0  1.51s           2026-02-07T17:07:14
================================================================================
[2026-02-07T17:08:13.083+0000] {manager.py:879} INFO - 
================================================================================
DAG File Processing Stats

File Path                                PID    Runtime      # DAGs    # Errors  Last Runtime    Last Run
---------------------------------------  -----  ---------  --------  ----------  --------------  -------------------
/opt/airflow/dags/trees_pipeline_dag.py                           1           0  4.08s           2026-02-07T17:07:48
================================================================================
[2026-02-07T17:08:45.672+0000] {manager.py:879} INFO - 
================================================================================
DAG File Processing Stats

File Path                                  PID  Runtime      # DAGs    # Errors  Last Runtime    Last Run
---------------------------------------  -----  ---------  --------  ----------  --------------  -------------------
/opt/airflow/dags/trees_pipeline_dag.py    207  0.02s             1           0  4.08s           2026-02-07T17:07:48
================================================================================
[2026-02-07T17:17:57.730+0000] {manager.py:469} INFO - Processing files using up to 2 processes at a time 
[2026-02-07T17:17:57.731+0000] {manager.py:470} INFO - Process each file at most once every 30 seconds
[2026-02-07T17:17:57.732+0000] {manager.py:471} INFO - Checking for new files in /opt/airflow/dags every 300 seconds
[2026-02-07T17:17:57.733+0000] {manager.py:738} INFO - Searching for files in /opt/airflow/dags
[2026-02-07T17:17:57.769+0000] {manager.py:741} INFO - There are 1 files in /opt/airflow/dags
[2026-02-07T17:17:57.906+0000] {manager.py:879} INFO - 
================================================================================
DAG File Processing Stats

File Path                                  PID  Runtime      # DAGs    # Errors  Last Runtime    Last Run
---------------------------------------  -----  ---------  --------  ----------  --------------  ----------
/opt/airflow/dags/trees_pipeline_dag.py    176  0.06s             0           0
================================================================================
[2026-02-07T17:18:28.300+0000] {manager.py:879} INFO - 
================================================================================
DAG File Processing Stats

File Path                                PID    Runtime      # DAGs    # Errors  Last Runtime    Last Run
---------------------------------------  -----  ---------  --------  ----------  --------------  -------------------
/opt/airflow/dags/trees_pipeline_dag.py                           1           0  1.35s           2026-02-07T17:17:59
================================================================================
[2026-02-07T17:18:59.788+0000] {manager.py:879} INFO - 
================================================================================
DAG File Processing Stats

File Path                                PID    Runtime      # DAGs    # Errors  Last Runtime    Last Run
---------------------------------------  -----  ---------  --------  ----------  --------------  -------------------
/opt/airflow/dags/trees_pipeline_dag.py                           1           0  4.95s           2026-02-07T17:18:34
================================================================================
[2026-02-07T17:42:18.477+0000] {manager.py:469} INFO - Processing files using up to 2 processes at a time 
[2026-02-07T17:42:18.479+0000] {manager.py:470} INFO - Process each file at most once every 30 seconds
[2026-02-07T17:42:18.480+0000] {manager.py:471} INFO - Checking for new files in /opt/airflow/dags every 300 seconds
[2026-02-07T17:42:18.480+0000] {manager.py:738} INFO - Searching for files in /opt/airflow/dags
[2026-02-07T17:42:18.502+0000] {manager.py:741} INFO - There are 1 files in /opt/airflow/dags
[2026-02-07T17:42:18.622+0000] {manager.py:879} INFO - 
================================================================================
DAG File Processing Stats

File Path                                  PID  Runtime      # DAGs    # Errors  Last Runtime    Last Run
---------------------------------------  -----  ---------  --------  ----------  --------------  ----------
/opt/airflow/dags/trees_pipeline_dag.py    176  0.05s             0           0
================================================================================
[2026-02-07T17:42:49.054+0000] {manager.py:879} INFO - 
================================================================================
DAG File Processing Stats

File Path                                PID    Runtime      # DAGs    # Errors  Last Runtime    Last Run
---------------------------------------  -----  ---------  --------  ----------  --------------  -------------------
/opt/airflow/dags/trees_pipeline_dag.py                           1           0  1.41s           2026-02-07T17:42:19
================================================================================
[2026-02-07T17:43:19.444+0000] {manager.py:879} INFO - 
================================================================================
DAG File Processing Stats

File Path                                PID    Runtime      # DAGs    # Errors  Last Runtime    Last Run
---------------------------------------  -----  ---------  --------  ----------  --------------  -------------------
/opt/airflow/dags/trees_pipeline_dag.py                           1           0  5.52s           2026-02-07T17:42:55
================================================================================
[2026-02-07T17:43:55.243+0000] {manager.py:879} INFO - 
================================================================================
DAG File Processing Stats

File Path                                  PID  Runtime      # DAGs    # Errors  Last Runtime    Last Run
---------------------------------------  -----  ---------  --------  ----------  --------------  -------------------
/opt/airflow/dags/trees_pipeline_dag.py    207  22.52s            1           0  5.52s           2026-02-07T17:42:55
================================================================================
[2026-02-07T17:44:13.786+0000] {manager.py:1017} ERROR - Processor for /opt/airflow/dags/trees_pipeline_dag.py exited with return code 1.
