[2026-02-07T15:52:00.568+0000] {taskinstance.py:1956} INFO - Dependencies all met for dep_context=non-requeueable deps ti=<TaskInstance: paris_trees_pipeline.hdfs_to_postgres manual__2026-02-07T15:51:00.520784+00:00 [queued]>
[2026-02-07T15:52:00.579+0000] {taskinstance.py:1956} INFO - Dependencies all met for dep_context=requeueable deps ti=<TaskInstance: paris_trees_pipeline.hdfs_to_postgres manual__2026-02-07T15:51:00.520784+00:00 [queued]>
[2026-02-07T15:52:00.580+0000] {taskinstance.py:2170} INFO - Starting attempt 1 of 2
[2026-02-07T15:52:00.596+0000] {taskinstance.py:2191} INFO - Executing <Task(PythonOperator): hdfs_to_postgres> on 2026-02-07 15:51:00.520784+00:00
[2026-02-07T15:52:00.602+0000] {standard_task_runner.py:60} INFO - Started process 202 to run task
[2026-02-07T15:52:00.605+0000] {standard_task_runner.py:87} INFO - Running: ['***', 'tasks', 'run', 'paris_trees_pipeline', 'hdfs_to_postgres', 'manual__2026-02-07T15:51:00.520784+00:00', '--job-id', '4', '--raw', '--subdir', 'DAGS_FOLDER/trees_pipeline_dag.py', '--cfg-path', '/tmp/tmp2w1mndbl']
[2026-02-07T15:52:00.607+0000] {standard_task_runner.py:88} INFO - Job 4: Subtask hdfs_to_postgres
[2026-02-07T15:52:00.683+0000] {task_command.py:423} INFO - Running <TaskInstance: paris_trees_pipeline.hdfs_to_postgres manual__2026-02-07T15:51:00.520784+00:00 [running]> on host ff1e0cb7d106
[2026-02-07T15:52:00.772+0000] {taskinstance.py:2480} INFO - Exporting env vars: AIRFLOW_CTX_DAG_OWNER='ghaith' AIRFLOW_CTX_DAG_ID='paris_trees_pipeline' AIRFLOW_CTX_TASK_ID='hdfs_to_postgres' AIRFLOW_CTX_EXECUTION_DATE='2026-02-07T15:51:00.520784+00:00' AIRFLOW_CTX_TRY_NUMBER='1' AIRFLOW_CTX_DAG_RUN_ID='manual__2026-02-07T15:51:00.520784+00:00'
[2026-02-07T15:52:29.731+0000] {logging_mixin.py:188} INFO - :: loading settings :: url = jar:file:/opt/spark/jars/ivy-2.5.1.jar!/org/apache/ivy/core/settings/ivysettings.xml
Ivy Default Cache set to: /root/.ivy2/cache
The jars for the packages stored in: /root/.ivy2/jars
org.postgresql#postgresql added as a dependency
:: resolving dependencies :: org.apache.spark#spark-submit-parent-c515e8a8-de04-4804-a504-e3ade52a0e00;1.0
	confs: [default]
	found org.postgresql#postgresql;42.2.18 in central
	found org.checkerframework#checker-qual;3.5.0 in central
downloading https://repo1.maven.org/maven2/org/postgresql/postgresql/42.2.18/postgresql-42.2.18.jar ...
	[SUCCESSFUL ] org.postgresql#postgresql;42.2.18!postgresql.jar (381ms)
downloading https://repo1.maven.org/maven2/org/checkerframework/checker-qual/3.5.0/checker-qual-3.5.0.jar ...
	[SUCCESSFUL ] org.checkerframework#checker-qual;3.5.0!checker-qual.jar (143ms)
:: resolution report :: resolve 936ms :: artifacts dl 531ms
	:: modules in use:
	org.checkerframework#checker-qual;3.5.0 from central in [default]
	org.postgresql#postgresql;42.2.18 from central in [default]
	---------------------------------------------------------------------
	|                  |            modules            ||   artifacts   |
	|       conf       | number| search|dwnlded|evicted|| number|dwnlded|
	---------------------------------------------------------------------
	|      default     |   2   |   2   |   2   |   0   ||   2   |   2   |
	---------------------------------------------------------------------
:: retrieving :: org.apache.spark#spark-submit-parent-c515e8a8-de04-4804-a504-e3ade52a0e00
	confs: [default]
	2 artifacts copied, 0 already retrieved (1190kB/7ms)
26/02/07 15:52:05 WARN NativeCodeLoader: Unable to load native-hadoop library for your platform... using builtin-java classes where applicable
26/02/07 15:52:06 INFO SparkContext: Running Spark version 3.4.1
26/02/07 15:52:06 INFO ResourceUtils: ==============================================================
26/02/07 15:52:06 INFO ResourceUtils: No custom resources configured for spark.driver.
26/02/07 15:52:06 INFO ResourceUtils: ==============================================================
26/02/07 15:52:06 INFO SparkContext: Submitted application: HDFS_to_Postgres_Batch
26/02/07 15:52:07 INFO ResourceProfile: Default ResourceProfile created, executor resources: Map(memory -> name: memory, amount: 1024, script: , vendor: , offHeap -> name: offHeap, amount: 0, script: , vendor: ), task resources: Map(cpus -> name: cpus, amount: 1.0)
26/02/07 15:52:07 INFO ResourceProfile: Limiting resource is cpu
26/02/07 15:52:07 INFO ResourceProfileManager: Added ResourceProfile id: 0
26/02/07 15:52:07 INFO SecurityManager: Changing view acls to: root
26/02/07 15:52:07 INFO SecurityManager: Changing modify acls to: root
26/02/07 15:52:07 INFO SecurityManager: Changing view acls groups to: 
26/02/07 15:52:07 INFO SecurityManager: Changing modify acls groups to: 
26/02/07 15:52:07 INFO SecurityManager: SecurityManager: authentication disabled; ui acls disabled; users with view permissions: root; groups with view permissions: EMPTY; users with modify permissions: root; groups with modify permissions: EMPTY
26/02/07 15:52:07 INFO Utils: Successfully started service 'sparkDriver' on port 37829.
26/02/07 15:52:07 INFO SparkEnv: Registering MapOutputTracker
26/02/07 15:52:07 INFO SparkEnv: Registering BlockManagerMaster
26/02/07 15:52:07 INFO BlockManagerMasterEndpoint: Using org.apache.spark.storage.DefaultTopologyMapper for getting topology information
26/02/07 15:52:07 INFO BlockManagerMasterEndpoint: BlockManagerMasterEndpoint up
26/02/07 15:52:07 INFO SparkEnv: Registering BlockManagerMasterHeartbeat
26/02/07 15:52:07 INFO DiskBlockManager: Created local directory at /tmp/blockmgr-e136a058-ab63-4524-aac4-252b0c82711d
26/02/07 15:52:07 INFO MemoryStore: MemoryStore started with capacity 434.4 MiB
26/02/07 15:52:07 INFO SparkEnv: Registering OutputCommitCoordinator
26/02/07 15:52:07 INFO JettyUtils: Start Jetty 0.0.0.0:4040 for SparkUI
26/02/07 15:52:07 INFO Utils: Successfully started service 'SparkUI' on port 4040.
26/02/07 15:52:07 INFO SparkContext: Added JAR file:///root/.ivy2/jars/org.postgresql_postgresql-42.2.18.jar at spark://spark-master:37829/jars/org.postgresql_postgresql-42.2.18.jar with timestamp 1770479526935
26/02/07 15:52:07 INFO SparkContext: Added JAR file:///root/.ivy2/jars/org.checkerframework_checker-qual-3.5.0.jar at spark://spark-master:37829/jars/org.checkerframework_checker-qual-3.5.0.jar with timestamp 1770479526935
26/02/07 15:52:07 INFO SparkContext: Added file file:///root/.ivy2/jars/org.postgresql_postgresql-42.2.18.jar at spark://spark-master:37829/files/org.postgresql_postgresql-42.2.18.jar with timestamp 1770479526935
26/02/07 15:52:07 INFO Utils: Copying /root/.ivy2/jars/org.postgresql_postgresql-42.2.18.jar to /tmp/spark-e7b21383-1b44-4223-80c3-8767bf7e8810/userFiles-973d5a9d-bb3e-402c-95c2-0b5344ea77f9/org.postgresql_postgresql-42.2.18.jar
26/02/07 15:52:07 INFO SparkContext: Added file file:///root/.ivy2/jars/org.checkerframework_checker-qual-3.5.0.jar at spark://spark-master:37829/files/org.checkerframework_checker-qual-3.5.0.jar with timestamp 1770479526935
26/02/07 15:52:07 INFO Utils: Copying /root/.ivy2/jars/org.checkerframework_checker-qual-3.5.0.jar to /tmp/spark-e7b21383-1b44-4223-80c3-8767bf7e8810/userFiles-973d5a9d-bb3e-402c-95c2-0b5344ea77f9/org.checkerframework_checker-qual-3.5.0.jar
26/02/07 15:52:08 INFO StandaloneAppClient$ClientEndpoint: Connecting to master spark://spark-master:7077...
26/02/07 15:52:08 INFO TransportClientFactory: Successfully created connection to spark-master/172.18.0.4:7077 after 58 ms (0 ms spent in bootstraps)
26/02/07 15:52:08 INFO StandaloneSchedulerBackend: Connected to Spark cluster with app ID app-20260207155208-0001
26/02/07 15:52:08 INFO StandaloneAppClient$ClientEndpoint: Executor added: app-20260207155208-0001/0 on worker-20260207154956-172.18.0.10-33037 (172.18.0.10:33037) with 2 core(s)
26/02/07 15:52:08 INFO StandaloneSchedulerBackend: Granted executor ID app-20260207155208-0001/0 on hostPort 172.18.0.10:33037 with 2 core(s), 1024.0 MiB RAM
26/02/07 15:52:08 INFO Utils: Successfully started service 'org.apache.spark.network.netty.NettyBlockTransferService' on port 44181.
26/02/07 15:52:08 INFO NettyBlockTransferService: Server created on spark-master:44181
26/02/07 15:52:08 INFO BlockManager: Using org.apache.spark.storage.RandomBlockReplicationPolicy for block replication policy
26/02/07 15:52:08 INFO BlockManagerMaster: Registering BlockManager BlockManagerId(driver, spark-master, 44181, None)
26/02/07 15:52:08 INFO StandaloneAppClient$ClientEndpoint: Executor updated: app-20260207155208-0001/0 is now RUNNING
26/02/07 15:52:08 INFO BlockManagerMasterEndpoint: Registering block manager spark-master:44181 with 434.4 MiB RAM, BlockManagerId(driver, spark-master, 44181, None)
26/02/07 15:52:08 INFO BlockManagerMaster: Registered BlockManager BlockManagerId(driver, spark-master, 44181, None)
26/02/07 15:52:08 INFO BlockManager: Initialized BlockManager: BlockManagerId(driver, spark-master, 44181, None)
26/02/07 15:52:08 INFO StandaloneSchedulerBackend: SchedulerBackend is ready for scheduling beginning after reached minRegisteredResourcesRatio: 0.0
✅ Spark Session created

✅ Written 9 records to trees_by_arrondissement
✅ Written 12 records to trees_by_species
✅ Written 0 records to trees_height_stats
✅ Written 9 records to trees_remarkable_stats
✅ Written 20 records to trees_geo_data
✅ All data written to Postgres. Job finished.
[2026-02-07T15:52:29.733+0000] {python.py:201} INFO - Done. Returned value was: None
[2026-02-07T15:52:29.750+0000] {taskinstance.py:1138} INFO - Marking task as SUCCESS. dag_id=paris_trees_pipeline, task_id=hdfs_to_postgres, execution_date=20260207T155100, start_date=20260207T155200, end_date=20260207T155229
[2026-02-07T15:52:29.802+0000] {local_task_job_runner.py:234} INFO - Task exited with return code 0
[2026-02-07T15:52:29.823+0000] {taskinstance.py:3280} INFO - 0 downstream tasks scheduled from follow-on schedule check
