[2026-02-07T18:09:45.860+0000] {taskinstance.py:1956} INFO - Dependencies all met for dep_context=non-requeueable deps ti=<TaskInstance: paris_trees_pipeline.hdfs_to_postgres manual__2026-02-07T18:09:09.301220+00:00 [queued]>
[2026-02-07T18:09:45.870+0000] {taskinstance.py:1956} INFO - Dependencies all met for dep_context=requeueable deps ti=<TaskInstance: paris_trees_pipeline.hdfs_to_postgres manual__2026-02-07T18:09:09.301220+00:00 [queued]>
[2026-02-07T18:09:45.871+0000] {taskinstance.py:2170} INFO - Starting attempt 1 of 2
[2026-02-07T18:09:45.887+0000] {taskinstance.py:2191} INFO - Executing <Task(PythonOperator): hdfs_to_postgres> on 2026-02-07 18:09:09.301220+00:00
[2026-02-07T18:09:45.893+0000] {standard_task_runner.py:60} INFO - Started process 393 to run task
[2026-02-07T18:09:45.898+0000] {standard_task_runner.py:87} INFO - Running: ['***', 'tasks', 'run', 'paris_trees_pipeline', 'hdfs_to_postgres', 'manual__2026-02-07T18:09:09.301220+00:00', '--job-id', '7', '--raw', '--subdir', 'DAGS_FOLDER/trees_pipeline_dag.py', '--cfg-path', '/tmp/tmpks7qgtx0']
[2026-02-07T18:09:45.901+0000] {standard_task_runner.py:88} INFO - Job 7: Subtask hdfs_to_postgres
[2026-02-07T18:09:45.969+0000] {task_command.py:423} INFO - Running <TaskInstance: paris_trees_pipeline.hdfs_to_postgres manual__2026-02-07T18:09:09.301220+00:00 [running]> on host 775bbe24b5e5
[2026-02-07T18:09:46.096+0000] {taskinstance.py:2480} INFO - Exporting env vars: AIRFLOW_CTX_DAG_OWNER='ghaith' AIRFLOW_CTX_DAG_ID='paris_trees_pipeline' AIRFLOW_CTX_TASK_ID='hdfs_to_postgres' AIRFLOW_CTX_EXECUTION_DATE='2026-02-07T18:09:09.301220+00:00' AIRFLOW_CTX_TRY_NUMBER='1' AIRFLOW_CTX_DAG_RUN_ID='manual__2026-02-07T18:09:09.301220+00:00'
[2026-02-07T18:10:19.242+0000] {logging_mixin.py:188} INFO - :: loading settings :: url = jar:file:/opt/spark/jars/ivy-2.5.1.jar!/org/apache/ivy/core/settings/ivysettings.xml
Ivy Default Cache set to: /root/.ivy2/cache
The jars for the packages stored in: /root/.ivy2/jars
org.postgresql#postgresql added as a dependency
:: resolving dependencies :: org.apache.spark#spark-submit-parent-bfd92d44-ceec-41ee-bf0f-c10536497f51;1.0
	confs: [default]
	found org.postgresql#postgresql;42.2.18 in central
	found org.checkerframework#checker-qual;3.5.0 in central
:: resolution report :: resolve 181ms :: artifacts dl 9ms
	:: modules in use:
	org.checkerframework#checker-qual;3.5.0 from central in [default]
	org.postgresql#postgresql;42.2.18 from central in [default]
	---------------------------------------------------------------------
	|                  |            modules            ||   artifacts   |
	|       conf       | number| search|dwnlded|evicted|| number|dwnlded|
	---------------------------------------------------------------------
	|      default     |   2   |   0   |   0   |   0   ||   2   |   0   |
	---------------------------------------------------------------------
:: retrieving :: org.apache.spark#spark-submit-parent-bfd92d44-ceec-41ee-bf0f-c10536497f51
	confs: [default]
	0 artifacts copied, 2 already retrieved (0kB/7ms)
26/02/07 18:09:49 WARN NativeCodeLoader: Unable to load native-hadoop library for your platform... using builtin-java classes where applicable
26/02/07 18:09:50 INFO SparkContext: Running Spark version 3.4.1
26/02/07 18:09:50 INFO ResourceUtils: ==============================================================
26/02/07 18:09:50 INFO ResourceUtils: No custom resources configured for spark.driver.
26/02/07 18:09:50 INFO ResourceUtils: ==============================================================
26/02/07 18:09:50 INFO SparkContext: Submitted application: HDFS_to_Postgres_Batch
26/02/07 18:09:50 INFO ResourceProfile: Default ResourceProfile created, executor resources: Map(memory -> name: memory, amount: 1024, script: , vendor: , offHeap -> name: offHeap, amount: 0, script: , vendor: ), task resources: Map(cpus -> name: cpus, amount: 1.0)
26/02/07 18:09:50 INFO ResourceProfile: Limiting resource is cpu
26/02/07 18:09:50 INFO ResourceProfileManager: Added ResourceProfile id: 0
26/02/07 18:09:50 INFO SecurityManager: Changing view acls to: root
26/02/07 18:09:50 INFO SecurityManager: Changing modify acls to: root
26/02/07 18:09:50 INFO SecurityManager: Changing view acls groups to: 
26/02/07 18:09:50 INFO SecurityManager: Changing modify acls groups to: 
26/02/07 18:09:50 INFO SecurityManager: SecurityManager: authentication disabled; ui acls disabled; users with view permissions: root; groups with view permissions: EMPTY; users with modify permissions: root; groups with modify permissions: EMPTY
26/02/07 18:09:51 INFO Utils: Successfully started service 'sparkDriver' on port 41453.
26/02/07 18:09:51 INFO SparkEnv: Registering MapOutputTracker
26/02/07 18:09:51 INFO SparkEnv: Registering BlockManagerMaster
26/02/07 18:09:51 INFO BlockManagerMasterEndpoint: Using org.apache.spark.storage.DefaultTopologyMapper for getting topology information
26/02/07 18:09:51 INFO BlockManagerMasterEndpoint: BlockManagerMasterEndpoint up
26/02/07 18:09:51 INFO SparkEnv: Registering BlockManagerMasterHeartbeat
26/02/07 18:09:51 INFO DiskBlockManager: Created local directory at /tmp/blockmgr-6030cb6e-fc72-46e5-aff7-fb3a4ac4a1b8
26/02/07 18:09:51 INFO MemoryStore: MemoryStore started with capacity 434.4 MiB
26/02/07 18:09:51 INFO SparkEnv: Registering OutputCommitCoordinator
26/02/07 18:09:51 INFO JettyUtils: Start Jetty 0.0.0.0:4040 for SparkUI
26/02/07 18:09:51 INFO Utils: Successfully started service 'SparkUI' on port 4040.
26/02/07 18:09:51 INFO SparkContext: Added JAR file:///root/.ivy2/jars/org.postgresql_postgresql-42.2.18.jar at spark://spark-master:41453/jars/org.postgresql_postgresql-42.2.18.jar with timestamp 1770487790345
26/02/07 18:09:51 INFO SparkContext: Added JAR file:///root/.ivy2/jars/org.checkerframework_checker-qual-3.5.0.jar at spark://spark-master:41453/jars/org.checkerframework_checker-qual-3.5.0.jar with timestamp 1770487790345
26/02/07 18:09:51 INFO SparkContext: Added file file:///root/.ivy2/jars/org.postgresql_postgresql-42.2.18.jar at spark://spark-master:41453/files/org.postgresql_postgresql-42.2.18.jar with timestamp 1770487790345
26/02/07 18:09:51 INFO Utils: Copying /root/.ivy2/jars/org.postgresql_postgresql-42.2.18.jar to /tmp/spark-13d9c093-d669-49a0-897e-27ee25119a18/userFiles-376906c8-13a1-4a36-923b-31aa9782b6a1/org.postgresql_postgresql-42.2.18.jar
26/02/07 18:09:51 INFO SparkContext: Added file file:///root/.ivy2/jars/org.checkerframework_checker-qual-3.5.0.jar at spark://spark-master:41453/files/org.checkerframework_checker-qual-3.5.0.jar with timestamp 1770487790345
26/02/07 18:09:51 INFO Utils: Copying /root/.ivy2/jars/org.checkerframework_checker-qual-3.5.0.jar to /tmp/spark-13d9c093-d669-49a0-897e-27ee25119a18/userFiles-376906c8-13a1-4a36-923b-31aa9782b6a1/org.checkerframework_checker-qual-3.5.0.jar
26/02/07 18:09:51 INFO StandaloneAppClient$ClientEndpoint: Connecting to master spark://spark-master:7077...
26/02/07 18:09:51 INFO TransportClientFactory: Successfully created connection to spark-master/172.18.0.6:7077 after 43 ms (0 ms spent in bootstraps)
26/02/07 18:09:52 INFO StandaloneSchedulerBackend: Connected to Spark cluster with app ID app-20260207180952-0003
26/02/07 18:09:52 INFO StandaloneAppClient$ClientEndpoint: Executor added: app-20260207180952-0003/0 on worker-20260207174853-172.18.0.11-38929 (172.18.0.11:38929) with 2 core(s)
26/02/07 18:09:52 INFO StandaloneSchedulerBackend: Granted executor ID app-20260207180952-0003/0 on hostPort 172.18.0.11:38929 with 2 core(s), 1024.0 MiB RAM
26/02/07 18:09:52 INFO Utils: Successfully started service 'org.apache.spark.network.netty.NettyBlockTransferService' on port 45889.
26/02/07 18:09:52 INFO NettyBlockTransferService: Server created on spark-master:45889
26/02/07 18:09:52 INFO BlockManager: Using org.apache.spark.storage.RandomBlockReplicationPolicy for block replication policy
26/02/07 18:09:52 INFO BlockManagerMaster: Registering BlockManager BlockManagerId(driver, spark-master, 45889, None)
26/02/07 18:09:52 INFO BlockManagerMasterEndpoint: Registering block manager spark-master:45889 with 434.4 MiB RAM, BlockManagerId(driver, spark-master, 45889, None)
26/02/07 18:09:52 INFO BlockManagerMaster: Registered BlockManager BlockManagerId(driver, spark-master, 45889, None)
26/02/07 18:09:52 INFO BlockManager: Initialized BlockManager: BlockManagerId(driver, spark-master, 45889, None)
26/02/07 18:09:52 INFO StandaloneAppClient$ClientEndpoint: Executor updated: app-20260207180952-0003/0 is now RUNNING
26/02/07 18:09:52 INFO StandaloneSchedulerBackend: SchedulerBackend is ready for scheduling beginning after reached minRegisteredResourcesRatio: 0.0
✅ Spark Session created

✅ Written 9 records to trees_by_arrondissement
✅ Written 12 records to trees_by_species
✅ Written 4 records to trees_height_stats
✅ Written 9 records to trees_remarkable_stats
✅ Written 60 records to trees_geo_data
✅ All data written to Postgres. Job finished.
[2026-02-07T18:10:19.244+0000] {python.py:201} INFO - Done. Returned value was: None
[2026-02-07T18:10:19.267+0000] {taskinstance.py:1138} INFO - Marking task as SUCCESS. dag_id=paris_trees_pipeline, task_id=hdfs_to_postgres, execution_date=20260207T180909, start_date=20260207T180945, end_date=20260207T181019
[2026-02-07T18:10:19.339+0000] {local_task_job_runner.py:234} INFO - Task exited with return code 0
[2026-02-07T18:10:19.371+0000] {taskinstance.py:3280} INFO - 0 downstream tasks scheduled from follow-on schedule check
