[2026-02-07T15:30:49.087+0000] {taskinstance.py:1956} INFO - Dependencies all met for dep_context=non-requeueable deps ti=<TaskInstance: paris_trees_pipeline.kafka_producer manual__2026-02-07T15:30:47.916737+00:00 [queued]>
[2026-02-07T15:30:49.096+0000] {taskinstance.py:1956} INFO - Dependencies all met for dep_context=requeueable deps ti=<TaskInstance: paris_trees_pipeline.kafka_producer manual__2026-02-07T15:30:47.916737+00:00 [queued]>
[2026-02-07T15:30:49.097+0000] {taskinstance.py:2170} INFO - Starting attempt 1 of 2
[2026-02-07T15:30:49.111+0000] {taskinstance.py:2191} INFO - Executing <Task(PythonOperator): kafka_producer> on 2026-02-07 15:30:47.916737+00:00
[2026-02-07T15:30:49.115+0000] {standard_task_runner.py:60} INFO - Started process 190 to run task
[2026-02-07T15:30:49.117+0000] {standard_task_runner.py:87} INFO - Running: ['***', 'tasks', 'run', 'paris_trees_pipeline', 'kafka_producer', 'manual__2026-02-07T15:30:47.916737+00:00', '--job-id', '3', '--raw', '--subdir', 'DAGS_FOLDER/trees_pipeline_dag.py', '--cfg-path', '/tmp/tmph3t4b_2f']
[2026-02-07T15:30:49.120+0000] {standard_task_runner.py:88} INFO - Job 3: Subtask kafka_producer
[2026-02-07T15:30:49.183+0000] {task_command.py:423} INFO - Running <TaskInstance: paris_trees_pipeline.kafka_producer manual__2026-02-07T15:30:47.916737+00:00 [running]> on host 90109cdf00ed
[2026-02-07T15:30:49.267+0000] {taskinstance.py:2480} INFO - Exporting env vars: AIRFLOW_CTX_DAG_OWNER='ghaith' AIRFLOW_CTX_DAG_ID='paris_trees_pipeline' AIRFLOW_CTX_TASK_ID='kafka_producer' AIRFLOW_CTX_EXECUTION_DATE='2026-02-07T15:30:47.916737+00:00' AIRFLOW_CTX_TRY_NUMBER='1' AIRFLOW_CTX_DAG_RUN_ID='manual__2026-02-07T15:30:47.916737+00:00'
[2026-02-07T15:30:49.374+0000] {logging_mixin.py:188} INFO - python: can't open file '/app/producer_batch.py': [Errno 2] No such file or directory
[2026-02-07T15:30:49.376+0000] {taskinstance.py:2698} ERROR - Task failed with exception
Traceback (most recent call last):
  File "/home/airflow/.local/lib/python3.8/site-packages/airflow/models/taskinstance.py", line 433, in _execute_task
    result = execute_callable(context=context, **execute_callable_kwargs)
  File "/home/airflow/.local/lib/python3.8/site-packages/airflow/operators/python.py", line 199, in execute
    return_value = self.execute_callable()
  File "/home/airflow/.local/lib/python3.8/site-packages/airflow/operators/python.py", line 216, in execute_callable
    return self.python_callable(*self.op_args, **self.op_kwargs)
  File "/opt/airflow/dags/trees_pipeline_dag.py", line 30, in run_producer_batch
    raise Exception(f"Producer failed with exit code {result.exit_code}")
Exception: Producer failed with exit code 2
[2026-02-07T15:30:49.389+0000] {taskinstance.py:1138} INFO - Marking task as UP_FOR_RETRY. dag_id=paris_trees_pipeline, task_id=kafka_producer, execution_date=20260207T153047, start_date=20260207T153049, end_date=20260207T153049
[2026-02-07T15:30:49.399+0000] {standard_task_runner.py:107} ERROR - Failed to execute job 3 for task kafka_producer (Producer failed with exit code 2; 190)
[2026-02-07T15:30:49.413+0000] {local_task_job_runner.py:234} INFO - Task exited with return code 1
[2026-02-07T15:30:49.435+0000] {taskinstance.py:3280} INFO - 0 downstream tasks scheduled from follow-on schedule check
